debug 2025/11/23 13:43:00 cursor: 18; firstVis: 0; vl_firstVis: 3
debug 2025/11/23 13:43:31 cursor: 18; firstVis: 0; vl_firstVis: 4
debug 2025/11/23 13:46:44 cursor: 18; firstVis: 0; vl_firstVis: 0
debug 2025/11/23 13:46:45 cursor: 18; firstVis: -1; vl_firstVis: -1
debug 2025/11/23 13:46:46 cursor: 18; firstVis: -3; vl_firstVis: -3
debug 2025/11/23 13:46:46 cursor: 18; firstVis: -4; vl_firstVis: -4
debug 2025/11/23 13:46:47 cursor: 18; firstVis: -5; vl_firstVis: -5
debug 2025/11/23 13:46:47 cursor: 18; firstVis: -6; vl_firstVis: -6
debug 2025/11/23 13:46:47 cursor: 18; firstVis: -7; vl_firstVis: -7
debug 2025/11/23 13:46:48 cursor: 18; firstVis: -8; vl_firstVis: -8
debug 2025/11/23 13:46:48 cursor: 18; firstVis: -6; vl_firstVis: -6
debug 2025/11/23 13:46:49 cursor: 18; firstVis: -4; vl_firstVis: -4
debug 2025/11/23 13:46:49 cursor: 18; firstVis: -3; vl_firstVis: -3
debug 2025/11/23 13:46:49 cursor: 18; firstVis: 0; vl_firstVis: 0
debug 2025/11/23 13:46:50 cursor: 18; firstVis: 2; vl_firstVis: 2
debug 2025/11/23 13:46:50 cursor: 18; firstVis: 3; vl_firstVis: 3
debug 2025/11/23 13:46:52 cursor: 18; firstVis: 4; vl_firstVis: 4
debug 2025/11/23 13:46:53 cursor: 18; firstVis: 6; vl_firstVis: 6
debug 2025/11/23 13:46:53 cursor: 18; firstVis: 7; vl_firstVis: 7
debug 2025/11/23 13:46:53 cursor: 18; firstVis: 5; vl_firstVis: 5
debug 2025/11/23 13:46:53 cursor: 18; firstVis: 3; vl_firstVis: 3
debug 2025/11/23 13:46:54 cursor: 18; firstVis: 2; vl_firstVis: 2
debug 2025/11/23 13:46:54 cursor: 18; firstVis: 1; vl_firstVis: 1
debug 2025/11/23 13:46:55 cursor: 18; firstVis: 0; vl_firstVis: 0
debug 2025/11/23 13:46:55 cursor: 18; firstVis: -2; vl_firstVis: -2
debug 2025/11/23 13:46:55 cursor: 18; firstVis: -3; vl_firstVis: -3
debug 2025/11/23 13:46:56 cursor: 18; firstVis: -5; vl_firstVis: -5
debug 2025/11/23 13:46:56 cursor: 18; firstVis: -3; vl_firstVis: -3
debug 2025/11/23 13:46:57 cursor: 18; firstVis: -2; vl_firstVis: -2
debug 2025/11/23 13:46:57 cursor: 18; firstVis: -1; vl_firstVis: -1
debug 2025/11/23 13:46:58 cursor: 18; firstVis: 1; vl_firstVis: 1
debug 2025/11/23 13:46:58 cursor: 18; firstVis: 4; vl_firstVis: 4
debug 2025/11/23 13:46:59 cursor: 18; firstVis: -2; vl_firstVis: -2
debug 2025/11/23 13:46:59 cursor: 18; firstVis: -3; vl_firstVis: -3
debug 2025/11/23 13:47:00 cursor: 18; firstVis: -6; vl_firstVis: -6
debug 2025/11/23 13:47:12 cursor: 0; firstVis: 0; vl_firstVis: 0
debug 2025/11/23 13:47:13 cursor: 0; firstVis: 0; vl_firstVis: 0
debug 2025/11/23 13:47:13 cursor: 0; firstVis: 0; vl_firstVis: 0
debug 2025/11/23 13:47:13 cursor: 0; firstVis: 0; vl_firstVis: 0
debug 2025/11/23 13:47:13 cursor: 0; firstVis: 0; vl_firstVis: 0
debug 2025/11/23 13:47:23 cursor: 13; firstVis: 0; vl_firstVis: 1
debug 2025/11/23 13:47:26 cursor: 13; firstVis: 0; vl_firstVis: 0
debug 2025/11/23 13:47:28 cursor: 13; firstVis: -1; vl_firstVis: -1
debug 2025/11/23 13:47:30 cursor: 13; firstVis: 0; vl_firstVis: 0
debug 2025/11/23 13:47:32 cursor: 13; firstVis: -1; vl_firstVis: -1
debug 2025/11/23 13:49:50 firstVisibleLine: 1
debug 2025/11/23 13:50:07 firstVisibleLine: 2
debug 2025/11/23 13:50:10 firstVisibleLine: 3
debug 2025/11/23 13:50:15 cursor: 16; firstVis: 0; vl_firstVis: 3
debug 2025/11/23 13:51:17 firstVisibleLine: 1
debug 2025/11/23 13:51:21 cursor: 15; firstVis: 0; vl_firstVis: 1
debug 2025/11/23 13:51:23 cursor: 15; firstVis: 0; vl_firstVis: 0
debug 2025/11/23 13:51:23 cursor: 15; firstVis: 0; vl_firstVis: 0
debug 2025/11/23 13:51:24 cursor: 15; firstVis: 0; vl_firstVis: 0
debug 2025/11/23 13:51:24 cursor: 15; firstVis: 0; vl_firstVis: 0
debug 2025/11/23 13:51:24 cursor: 15; firstVis: 0; vl_firstVis: 0
debug 2025/11/23 13:51:25 cursor: 15; firstVis: 0; vl_firstVis: 0
debug 2025/11/23 13:51:25 cursor: 15; firstVis: 2; vl_firstVis: 2
debug 2025/11/23 13:51:27 cursor: 15; firstVis: 3; vl_firstVis: 3
debug 2025/11/23 13:51:27 cursor: 15; firstVis: 5; vl_firstVis: 5
debug 2025/11/23 13:51:27 cursor: 15; firstVis: 6; vl_firstVis: 6
debug 2025/11/23 13:51:28 cursor: 15; firstVis: 7; vl_firstVis: 7
debug 2025/11/23 13:51:28 cursor: 15; firstVis: 8; vl_firstVis: 8
debug 2025/11/23 13:51:28 cursor: 15; firstVis: 7; vl_firstVis: 7
debug 2025/11/23 13:51:28 cursor: 15; firstVis: 5; vl_firstVis: 5
debug 2025/11/23 13:51:29 cursor: 15; firstVis: 3; vl_firstVis: 3
debug 2025/11/23 13:51:29 cursor: 15; firstVis: 1; vl_firstVis: 1
debug 2025/11/23 13:51:30 cursor: 15; firstVis: -1; vl_firstVis: -1
debug 2025/11/23 13:51:30 cursor: 15; firstVis: -4; vl_firstVis: -4
debug 2025/11/23 13:51:30 cursor: 15; firstVis: -5; vl_firstVis: -5
debug 2025/11/23 13:51:32 cursor: 15; firstVis: -3; vl_firstVis: -3
debug 2025/11/23 13:51:32 cursor: 15; firstVis: -6; vl_firstVis: -6
debug 2025/11/23 13:51:32 cursor: 15; firstVis: -7; vl_firstVis: -7
debug 2025/11/23 13:51:33 cursor: 15; firstVis: -4; vl_firstVis: -4
debug 2025/11/23 13:51:33 cursor: 15; firstVis: -3; vl_firstVis: -3
debug 2025/11/23 13:51:33 cursor: 15; firstVis: -1; vl_firstVis: -1
debug 2025/11/23 13:51:34 cursor: 15; firstVis: 0; vl_firstVis: 0
debug 2025/11/23 13:51:36 cursor: 15; firstVis: 1; vl_firstVis: 1
debug 2025/11/23 13:51:36 cursor: 15; firstVis: 2; vl_firstVis: 2
debug 2025/11/23 13:51:36 cursor: 15; firstVis: 3; vl_firstVis: 3
debug 2025/11/23 13:51:36 cursor: 15; firstVis: 4; vl_firstVis: 4
debug 2025/11/23 13:51:37 cursor: 15; firstVis: 5; vl_firstVis: 5
debug 2025/11/23 13:51:38 cursor: 15; firstVis: 6; vl_firstVis: 6
debug 2025/11/23 13:51:39 cursor: 15; firstVis: 4; vl_firstVis: 4
debug 2025/11/23 13:51:39 cursor: 15; firstVis: 2; vl_firstVis: 2
debug 2025/11/23 13:51:39 cursor: 15; firstVis: 1; vl_firstVis: 1
debug 2025/11/23 13:51:39 cursor: 15; firstVis: -1; vl_firstVis: -1
debug 2025/11/23 13:51:40 cursor: 15; firstVis: -2; vl_firstVis: -2
debug 2025/11/23 13:51:40 cursor: 15; firstVis: -4; vl_firstVis: -4
debug 2025/11/23 13:51:41 cursor: 15; firstVis: -6; vl_firstVis: -6
debug 2025/11/23 13:51:41 cursor: 15; firstVis: -7; vl_firstVis: -7
debug 2025/11/23 13:51:42 cursor: 15; firstVis: -9; vl_firstVis: -9
debug 2025/11/23 13:51:42 cursor: 15; firstVis: -11; vl_firstVis: -11
debug 2025/11/23 13:51:42 cursor: 15; firstVis: -12; vl_firstVis: -12
debug 2025/11/23 13:51:43 cursor: 15; firstVis: -14; vl_firstVis: -14
debug 2025/11/23 13:51:43 cursor: 15; firstVis: -11; vl_firstVis: -11
debug 2025/11/23 13:51:43 cursor: 15; firstVis: -9; vl_firstVis: -9
debug 2025/11/23 13:51:44 cursor: 15; firstVis: -7; vl_firstVis: -7
debug 2025/11/23 13:51:44 cursor: 15; firstVis: -3; vl_firstVis: -3
debug 2025/11/23 13:51:45 cursor: 15; firstVis: -1; vl_firstVis: -1
debug 2025/11/23 13:51:45 cursor: 15; firstVis: 1; vl_firstVis: 1
debug 2025/11/23 13:51:46 cursor: 15; firstVis: 2; vl_firstVis: 2
debug 2025/11/23 13:51:46 cursor: 15; firstVis: 3; vl_firstVis: 3
debug 2025/11/23 13:51:47 cursor: 15; firstVis: 4; vl_firstVis: 4
debug 2025/11/23 13:51:47 cursor: 15; firstVis: 6; vl_firstVis: 6
debug 2025/11/23 13:51:47 cursor: 15; firstVis: 7; vl_firstVis: 7
debug 2025/11/23 13:51:47 cursor: 15; firstVis: 8; vl_firstVis: 8
debug 2025/11/23 13:51:48 cursor: 15; firstVis: 9; vl_firstVis: 9
debug 2025/11/23 13:51:48 cursor: 15; firstVis: 11; vl_firstVis: 11
debug 2025/11/23 13:51:49 cursor: 15; firstVis: 12; vl_firstVis: 12
debug 2025/11/23 13:51:49 cursor: 15; firstVis: 13; vl_firstVis: 13
debug 2025/11/23 13:51:50 cursor: 15; firstVis: 9; vl_firstVis: 9
debug 2025/11/23 13:51:50 cursor: 15; firstVis: 5; vl_firstVis: 5
debug 2025/11/23 13:51:50 cursor: 15; firstVis: 4; vl_firstVis: 4
debug 2025/11/23 13:51:50 cursor: 15; firstVis: 1; vl_firstVis: 1
debug 2025/11/23 13:51:51 cursor: 15; firstVis: -2; vl_firstVis: -2
debug 2025/11/23 13:51:51 cursor: 15; firstVis: -5; vl_firstVis: -5
debug 2025/11/23 13:51:59 firstVisibleLine: 1
debug 2025/11/23 13:52:07 firstVisibleLine: -2
debug 2025/11/23 13:52:07 firstVisibleLine: -1
debug 2025/11/23 13:52:08 firstVisibleLine: 0
debug 2025/11/23 13:52:08 firstVisibleLine: 1
debug 2025/11/23 13:52:18 cursor: 0; firstVis: 0; vl_firstVis: -3
debug 2025/11/23 13:52:19 cursor: 0; firstVis: 0; vl_firstVis: 0
debug 2025/11/23 13:52:19 cursor: 0; firstVis: 0; vl_firstVis: 0
debug 2025/11/23 13:52:22 cursor: 0; firstVis: 0; vl_firstVis: 0
debug 2025/11/23 13:52:24 cursor: 0; firstVis: 0; vl_firstVis: 0
debug 2025/11/23 13:52:31 cursor: 0; firstVis: 0; vl_firstVis: 0
debug 2025/11/23 13:52:32 cursor: 0; firstVis: 0; vl_firstVis: 0
debug 2025/11/23 13:52:32 cursor: 0; firstVis: 0; vl_firstVis: 0
debug 2025/11/23 13:52:33 cursor: 0; firstVis: 0; vl_firstVis: 0
debug 2025/11/23 13:52:33 cursor: 0; firstVis: 0; vl_firstVis: 0
debug 2025/11/23 13:52:33 cursor: 0; firstVis: 0; vl_firstVis: 0
debug 2025/11/23 13:52:34 cursor: 0; firstVis: 0; vl_firstVis: 0
debug 2025/11/23 13:52:34 cursor: 0; firstVis: 0; vl_firstVis: 0
debug 2025/11/23 13:52:34 cursor: 0; firstVis: 0; vl_firstVis: 0
debug 2025/11/23 13:52:35 cursor: 0; firstVis: 0; vl_firstVis: 0
debug 2025/11/23 13:52:35 cursor: 0; firstVis: 0; vl_firstVis: 0
debug 2025/11/23 13:52:35 cursor: 0; firstVis: 0; vl_firstVis: 0
debug 2025/11/23 13:52:36 cursor: 0; firstVis: 0; vl_firstVis: 0
debug 2025/11/23 13:52:36 cursor: 0; firstVis: 0; vl_firstVis: 0
debug 2025/11/23 13:52:36 cursor: 0; firstVis: 0; vl_firstVis: 0
debug 2025/11/23 13:52:37 cursor: 0; firstVis: 0; vl_firstVis: 0
debug 2025/11/23 13:52:37 cursor: 0; firstVis: 0; vl_firstVis: 0
debug 2025/11/23 13:52:38 cursor: 0; firstVis: 0; vl_firstVis: 0
debug 2025/11/23 13:52:38 cursor: 0; firstVis: 0; vl_firstVis: 0
debug 2025/11/23 13:52:47 cursor: 5; firstVis: 0; vl_firstVis: 0
debug 2025/11/23 13:52:48 cursor: 5; firstVis: 0; vl_firstVis: 0
debug 2025/11/23 13:52:49 cursor: 5; firstVis: 0; vl_firstVis: 0
debug 2025/11/23 13:52:49 cursor: 5; firstVis: 0; vl_firstVis: 0
debug 2025/11/23 13:52:49 cursor: 5; firstVis: 0; vl_firstVis: 0
debug 2025/11/23 13:52:50 cursor: 5; firstVis: 0; vl_firstVis: 0
debug 2025/11/23 13:52:50 cursor: 5; firstVis: 0; vl_firstVis: 0
debug 2025/11/23 13:52:51 cursor: 5; firstVis: 0; vl_firstVis: 0
debug 2025/11/23 13:52:51 cursor: 5; firstVis: 0; vl_firstVis: 0
debug 2025/11/23 13:52:51 cursor: 5; firstVis: 0; vl_firstVis: 0
debug 2025/11/23 13:52:51 cursor: 5; firstVis: 0; vl_firstVis: 0
debug 2025/11/23 13:52:51 cursor: 5; firstVis: 0; vl_firstVis: 0
debug 2025/11/23 13:52:52 cursor: 5; firstVis: 0; vl_firstVis: 0
debug 2025/11/23 13:52:53 cursor: 5; firstVis: 0; vl_firstVis: 0
debug 2025/11/23 13:52:54 cursor: 5; firstVis: 1; vl_firstVis: 1
debug 2025/11/23 13:52:56 cursor: 5; firstVis: 2; vl_firstVis: 2
debug 2025/11/23 13:52:56 cursor: 5; firstVis: 3; vl_firstVis: 3
debug 2025/11/23 13:52:56 cursor: 5; firstVis: 2; vl_firstVis: 2
debug 2025/11/23 13:52:56 cursor: 5; firstVis: 0; vl_firstVis: 0
debug 2025/11/23 13:52:57 cursor: 5; firstVis: -1; vl_firstVis: -1
debug 2025/11/23 13:52:57 cursor: 5; firstVis: -2; vl_firstVis: -2
debug 2025/11/23 13:52:59 cursor: 5; firstVis: -1; vl_firstVis: -1
debug 2025/11/23 13:53:00 cursor: 5; firstVis: -6; vl_firstVis: -6
debug 2025/11/23 13:53:01 firstVisibleLine: -5
debug 2025/11/23 13:53:01 firstVisibleLine: -4
debug 2025/11/23 13:53:01 firstVisibleLine: -3
debug 2025/11/23 13:53:01 firstVisibleLine: -2
debug 2025/11/23 13:53:01 firstVisibleLine: -1
debug 2025/11/23 13:53:01 firstVisibleLine: 0
debug 2025/11/23 13:53:02 firstVisibleLine: 1
debug 2025/11/23 13:53:02 firstVisibleLine: 2
debug 2025/11/23 13:53:02 firstVisibleLine: 3
debug 2025/11/23 13:53:02 firstVisibleLine: 4
debug 2025/11/23 13:53:02 firstVisibleLine: 5
debug 2025/11/23 13:53:02 firstVisibleLine: 6
debug 2025/11/23 13:53:02 firstVisibleLine: 7
debug 2025/11/23 13:53:02 firstVisibleLine: 8
debug 2025/11/23 13:53:02 firstVisibleLine: 9
debug 2025/11/23 13:53:02 firstVisibleLine: 10
debug 2025/11/23 13:53:07 cursor: 21; firstVis: -8; vl_firstVis: 10
debug 2025/11/23 13:53:13 cursor: 21; firstVis: -8; vl_firstVis: -8
debug 2025/11/23 13:53:14 cursor: 21; firstVis: -9; vl_firstVis: -9
debug 2025/11/23 13:53:14 cursor: 21; firstVis: -11; vl_firstVis: -11
debug 2025/11/23 13:53:14 cursor: 21; firstVis: -14; vl_firstVis: -14
debug 2025/11/23 13:53:15 cursor: 21; firstVis: -15; vl_firstVis: -15
debug 2025/11/23 13:53:15 cursor: 21; firstVis: -17; vl_firstVis: -17
debug 2025/11/23 13:53:16 cursor: 21; firstVis: -19; vl_firstVis: -19
debug 2025/11/23 13:53:16 cursor: 21; firstVis: -16; vl_firstVis: -16
debug 2025/11/23 13:53:16 cursor: 21; firstVis: -15; vl_firstVis: -15
debug 2025/11/23 13:53:16 cursor: 21; firstVis: -12; vl_firstVis: -12
debug 2025/11/23 13:55:11 firstVisibleLine: 1
debug 2025/11/23 13:55:11 firstVisibleLine: 2
debug 2025/11/23 13:55:11 firstVisibleLine: 3
debug 2025/11/23 13:55:11 firstVisibleLine: 4
debug 2025/11/23 13:55:11 firstVisibleLine: 5
debug 2025/11/23 13:55:13 cursor: 18; firstVis: 0; vl_firstVis: 5
debug 2025/11/23 13:55:14 cursor: 18; firstVis: 0; vl_firstVis: 0
debug 2025/11/23 13:55:14 cursor: 18; firstVis: 1; vl_firstVis: 1
debug 2025/11/23 13:55:14 cursor: 18; firstVis: 3; vl_firstVis: 3
debug 2025/11/23 13:55:15 cursor: 18; firstVis: 4; vl_firstVis: 4
debug 2025/11/23 13:55:15 cursor: 18; firstVis: 8; vl_firstVis: 8
debug 2025/11/23 13:55:15 cursor: 18; firstVis: 9; vl_firstVis: 9
debug 2025/11/23 13:55:16 cursor: 18; firstVis: 11; vl_firstVis: 11
debug 2025/11/23 13:55:16 cursor: 18; firstVis: 4; vl_firstVis: 4
debug 2025/11/23 13:55:16 cursor: 18; firstVis: -1; vl_firstVis: -1
debug 2025/11/23 13:55:16 cursor: 18; firstVis: -2; vl_firstVis: -2
debug 2025/11/23 13:55:16 cursor: 18; firstVis: -4; vl_firstVis: -4
debug 2025/11/23 13:55:17 cursor: 18; firstVis: -9; vl_firstVis: -9
debug 2025/11/23 13:55:17 cursor: 18; firstVis: -6; vl_firstVis: -6
debug 2025/11/23 13:55:17 cursor: 18; firstVis: -5; vl_firstVis: -5
debug 2025/11/23 13:55:17 cursor: 18; firstVis: -4; vl_firstVis: -4
debug 2025/11/23 13:55:18 cursor: 18; firstVis: -3; vl_firstVis: -3
debug 2025/11/23 13:55:18 cursor: 18; firstVis: 0; vl_firstVis: 0
debug 2025/11/23 13:55:19 cursor: 18; firstVis: 1; vl_firstVis: 1
debug 2025/11/23 13:55:19 cursor: 18; firstVis: 2; vl_firstVis: 2
debug 2025/11/23 13:55:20 cursor: 18; firstVis: -2; vl_firstVis: -2
debug 2025/11/23 13:55:20 cursor: 18; firstVis: -6; vl_firstVis: -6
debug 2025/11/23 13:56:23 cursor: 18; firstVis: -13; vl_firstVis: -13
debug 2025/11/23 13:56:23 cursor: 18; firstVis: -10; vl_firstVis: -10
debug 2025/11/23 13:56:23 cursor: 18; firstVis: -9; vl_firstVis: -9
debug 2025/11/23 13:56:24 cursor: 18; firstVis: -7; vl_firstVis: -7
debug 2025/11/23 13:56:24 cursor: 18; firstVis: -6; vl_firstVis: -6
debug 2025/11/23 13:56:25 cursor: 18; firstVis: -5; vl_firstVis: -5
debug 2025/11/23 13:56:27 cursor: 18; firstVis: -4; vl_firstVis: -4
debug 2025/11/23 13:56:28 cursor: 18; firstVis: -5; vl_firstVis: -5
debug 2025/11/23 13:58:33 firstVisibleLine: 1
debug 2025/11/23 13:58:33 firstVisibleLine: 2
debug 2025/11/23 13:58:37 cursor: 17; firstVis: 0; vl_firstVis: 2
debug 2025/11/23 13:58:38 cursor: 17; firstVis: 0; vl_firstVis: 0
debug 2025/11/23 13:58:39 cursor: 17; firstVis: 0; vl_firstVis: 0
debug 2025/11/23 13:58:40 cursor: 17; firstVis: -1; vl_firstVis: -1
debug 2025/11/23 13:58:40 cursor: 17; firstVis: -3; vl_firstVis: -3
debug 2025/11/23 13:58:41 cursor: 17; firstVis: -5; vl_firstVis: -5
debug 2025/11/23 13:58:41 cursor: 17; firstVis: -6; vl_firstVis: -6
debug 2025/11/23 13:58:41 cursor: 17; firstVis: -8; vl_firstVis: -8
debug 2025/11/23 13:58:42 cursor: 17; firstVis: -9; vl_firstVis: -9
debug 2025/11/23 13:58:42 cursor: 17; firstVis: -10; vl_firstVis: -10
debug 2025/11/23 13:58:42 cursor: 17; firstVis: -4; vl_firstVis: -4
debug 2025/11/23 13:58:43 cursor: 17; firstVis: -2; vl_firstVis: -2
debug 2025/11/23 13:58:43 cursor: 17; firstVis: 3; vl_firstVis: 3
debug 2025/11/23 13:58:43 cursor: 17; firstVis: 3; vl_firstVis: 3
debug 2025/11/23 13:58:43 cursor: 17; firstVis: 3; vl_firstVis: 3
debug 2025/11/23 13:58:44 cursor: 17; firstVis: 3; vl_firstVis: 3
debug 2025/11/23 13:58:44 cursor: 17; firstVis: 3; vl_firstVis: 3
debug 2025/11/23 13:58:45 cursor: 17; firstVis: 3; vl_firstVis: 3
debug 2025/11/23 13:58:46 cursor: 17; firstVis: 3; vl_firstVis: 3
debug 2025/11/23 13:58:57 cursor: 17; firstVis: -2; vl_firstVis: -2
debug 2025/11/23 13:58:59 cursor: 17; firstVis: -1; vl_firstVis: -1
debug 2025/11/23 13:59:00 cursor: 17; firstVis: 0; vl_firstVis: 0
debug 2025/11/23 13:59:23 firstVisibleLine: 1
debug 2025/11/23 13:59:26 cursor: 15; firstVis: 0; vl_firstVis: 1
debug 2025/11/23 13:59:27 cursor: 15; firstVis: 0; vl_firstVis: 0
debug 2025/11/23 13:59:28 cursor: 15; firstVis: 0; vl_firstVis: 0
debug 2025/11/23 13:59:29 cursor: 15; firstVis: 0; vl_firstVis: 0
debug 2025/11/23 13:59:30 cursor: 15; firstVis: 0; vl_firstVis: 0
debug 2025/11/23 13:59:30 cursor: 15; firstVis: -2; vl_firstVis: -2
debug 2025/11/23 13:59:31 cursor: 15; firstVis: -4; vl_firstVis: -4
debug 2025/11/23 13:59:31 cursor: 15; firstVis: -5; vl_firstVis: -5
debug 2025/11/23 13:59:32 cursor: 15; firstVis: -6; vl_firstVis: -6
debug 2025/11/23 13:59:32 cursor: 15; firstVis: -8; vl_firstVis: -8
debug 2025/11/23 13:59:33 cursor: 15; firstVis: -9; vl_firstVis: -9
debug 2025/11/23 13:59:33 cursor: 15; firstVis: -10; vl_firstVis: -10
debug 2025/11/23 13:59:33 cursor: 15; firstVis: -11; vl_firstVis: -11
debug 2025/11/23 13:59:33 cursor: 15; firstVis: -2; vl_firstVis: -2
debug 2025/11/23 13:59:34 cursor: 15; firstVis: 0; vl_firstVis: 0
debug 2025/11/23 13:59:34 cursor: 15; firstVis: 0; vl_firstVis: 0
debug 2025/11/23 13:59:35 cursor: 15; firstVis: 0; vl_firstVis: 0
debug 2025/11/23 13:59:35 cursor: 15; firstVis: 0; vl_firstVis: 0
debug 2025/11/23 13:59:35 cursor: 15; firstVis: 0; vl_firstVis: 0
debug 2025/11/23 13:59:36 cursor: 15; firstVis: 0; vl_firstVis: 0
debug 2025/11/23 13:59:36 cursor: 15; firstVis: 0; vl_firstVis: 0
debug 2025/11/23 13:59:36 cursor: 15; firstVis: 0; vl_firstVis: 0
debug 2025/11/23 13:59:36 cursor: 15; firstVis: -2; vl_firstVis: -2
debug 2025/11/23 13:59:37 cursor: 15; firstVis: -3; vl_firstVis: -3
debug 2025/11/23 13:59:37 cursor: 15; firstVis: 7; vl_firstVis: 7
debug 2025/11/23 13:59:55 firstVisibleLine: -2
debug 2025/11/23 13:59:56 firstVisibleLine: -1
debug 2025/11/23 13:59:57 firstVisibleLine: 0
debug 2025/11/23 14:00:01 cursor: 20; firstVis: 7; vl_firstVis: 0
debug 2025/11/23 14:04:20 cursor: 19; firstVis: 0; vl_firstVis: 0
debug 2025/11/23 14:04:21 cursor: 19; firstVis: 0; vl_firstVis: 0
debug 2025/11/23 14:04:21 cursor: 19; firstVis: 0; vl_firstVis: 0
debug 2025/11/23 14:04:22 cursor: 19; firstVis: 0; vl_firstVis: 0
debug 2025/11/23 14:04:23 cursor: 19; firstVis: 0; vl_firstVis: 0
debug 2025/11/23 14:04:23 cursor: 19; firstVis: 0; vl_firstVis: 0
debug 2025/11/23 14:04:24 cursor: 19; firstVis: 3; vl_firstVis: 3
debug 2025/11/23 14:04:24 cursor: 19; firstVis: 3; vl_firstVis: 3
debug 2025/11/23 14:04:24 cursor: 19; firstVis: 5; vl_firstVis: 5
debug 2025/11/23 14:04:25 cursor: 19; firstVis: 5; vl_firstVis: 5
debug 2025/11/23 14:04:26 cursor: 19; firstVis: 8; vl_firstVis: 8
debug 2025/11/23 14:04:27 cursor: 19; firstVis: 8; vl_firstVis: 8
debug 2025/11/23 14:04:27 cursor: 19; firstVis: 6; vl_firstVis: 6
debug 2025/11/23 14:04:27 cursor: 19; firstVis: 6; vl_firstVis: 6
debug 2025/11/23 14:04:28 cursor: 19; firstVis: 6; vl_firstVis: 6
debug 2025/11/23 14:04:28 cursor: 19; firstVis: 6; vl_firstVis: 6
debug 2025/11/23 14:04:29 cursor: 19; firstVis: 6; vl_firstVis: 6
debug 2025/11/23 14:04:29 cursor: 19; firstVis: 6; vl_firstVis: 6
debug 2025/11/23 14:04:29 cursor: 19; firstVis: 6; vl_firstVis: 6
debug 2025/11/23 14:04:29 cursor: 19; firstVis: 6; vl_firstVis: 6
debug 2025/11/23 14:04:30 cursor: 19; firstVis: 9; vl_firstVis: 9
debug 2025/11/23 14:04:30 cursor: 19; firstVis: 9; vl_firstVis: 9
debug 2025/11/23 14:04:30 cursor: 19; firstVis: 12; vl_firstVis: 12
debug 2025/11/23 14:04:30 cursor: 19; firstVis: 12; vl_firstVis: 12
debug 2025/11/23 14:04:31 cursor: 19; firstVis: 12; vl_firstVis: 12
debug 2025/11/23 14:04:44 cursor: 19; firstVis: 12; vl_firstVis: 12
debug 2025/11/23 14:04:44 cursor: 19; firstVis: 12; vl_firstVis: 12
debug 2025/11/23 14:04:45 cursor: 19; firstVis: 12; vl_firstVis: 12
debug 2025/11/23 14:04:45 cursor: 19; firstVis: 12; vl_firstVis: 12
debug 2025/11/23 14:04:45 cursor: 19; firstVis: 12; vl_firstVis: 12
debug 2025/11/23 14:04:46 cursor: 19; firstVis: 12; vl_firstVis: 12
debug 2025/11/23 14:04:47 cursor: 19; firstVis: 12; vl_firstVis: 12
debug 2025/11/23 14:04:48 cursor: 19; firstVis: 12; vl_firstVis: 12
debug 2025/11/23 14:04:49 cursor: 19; firstVis: 12; vl_firstVis: 12
debug 2025/11/23 14:04:53 cursor: 19; firstVis: 14; vl_firstVis: 14
debug 2025/11/23 14:04:53 cursor: 19; firstVis: 14; vl_firstVis: 14
debug 2025/11/23 14:04:53 cursor: 19; firstVis: 14; vl_firstVis: 14
debug 2025/11/23 14:04:53 cursor: 19; firstVis: 14; vl_firstVis: 14
debug 2025/11/23 14:04:54 cursor: 19; firstVis: 14; vl_firstVis: 14
debug 2025/11/23 14:04:54 cursor: 19; firstVis: 14; vl_firstVis: 14
debug 2025/11/23 14:04:54 cursor: 19; firstVis: 14; vl_firstVis: 14
debug 2025/11/23 14:04:56 cursor: 19; firstVis: 14; vl_firstVis: 14
debug 2025/11/23 14:04:57 cursor: 19; firstVis: 14; vl_firstVis: 14
debug 2025/11/23 14:05:15 cursor: 19; firstVis: 16; vl_firstVis: 16
debug 2025/11/23 14:05:16 cursor: 19; firstVis: 16; vl_firstVis: 16
debug 2025/11/23 14:06:03 cursor: 16; firstVis: 0; vl_firstVis: 0
debug 2025/11/23 14:06:03 cursor: 16; firstVis: 0; vl_firstVis: 0
debug 2025/11/23 14:06:03 cursor: 16; firstVis: 0; vl_firstVis: 0
debug 2025/11/23 14:06:04 cursor: 16; firstVis: 0; vl_firstVis: 0
debug 2025/11/23 14:06:04 cursor: 16; firstVis: 0; vl_firstVis: 0
debug 2025/11/23 14:06:06 cursor: 16; firstVis: 0; vl_firstVis: 0
debug 2025/11/23 14:06:07 cursor: 16; firstVis: 0; vl_firstVis: 0
debug 2025/11/23 14:06:08 cursor: 16; firstVis: 1; vl_firstVis: 1
debug 2025/11/23 14:06:09 cursor: 16; firstVis: 2; vl_firstVis: 2
debug 2025/11/23 14:06:09 cursor: 16; firstVis: 3; vl_firstVis: 3
debug 2025/11/23 14:06:10 cursor: 16; firstVis: 4; vl_firstVis: 4
debug 2025/11/23 14:06:10 cursor: 16; firstVis: 2; vl_firstVis: 2
debug 2025/11/23 14:06:10 cursor: 16; firstVis: 1; vl_firstVis: 1
debug 2025/11/23 14:06:30 firstVisibleLine: 1
debug 2025/11/23 14:06:33 cursor: 14; firstVis: 0; vl_firstVis: 1
debug 2025/11/23 14:06:33 cursor: 14; firstVis: 0; vl_firstVis: 0
debug 2025/11/23 14:06:35 cursor: 14; firstVis: -1; vl_firstVis: -1
debug 2025/11/23 14:06:36 cursor: 14; firstVis: 0; vl_firstVis: 0
debug 2025/11/23 14:06:38 cursor: 14; firstVis: 1; vl_firstVis: 1
debug 2025/11/23 14:06:39 cursor: 14; firstVis: 2; vl_firstVis: 2
debug 2025/11/23 14:06:39 cursor: 14; firstVis: 4; vl_firstVis: 4
debug 2025/11/23 14:06:40 cursor: 14; firstVis: 2; vl_firstVis: 2
debug 2025/11/23 14:06:40 cursor: 14; firstVis: 0; vl_firstVis: 0
debug 2025/11/23 14:06:41 cursor: 14; firstVis: -2; vl_firstVis: -2
debug 2025/11/23 14:06:41 cursor: 14; firstVis: -3; vl_firstVis: -3
debug 2025/11/23 14:08:23 firstVisibleLine: 1
debug 2025/11/23 14:08:23 firstVisibleLine: 2
debug 2025/11/23 14:08:26 cursor: 16; firstVis: 0; vl_firstVis: 2
debug 2025/11/23 14:08:26 cursor: 16; firstVis: 0; vl_firstVis: 0
debug 2025/11/23 14:08:27 cursor: 16; firstVis: 1; vl_firstVis: 1
debug 2025/11/23 14:08:28 cursor: 16; firstVis: 3; vl_firstVis: 3
debug 2025/11/23 14:08:28 cursor: 16; firstVis: 3; vl_firstVis: 3
debug 2025/11/23 14:08:29 cursor: 16; firstVis: 3; vl_firstVis: 3
debug 2025/11/23 14:08:29 cursor: 16; firstVis: 3; vl_firstVis: 3
debug 2025/11/23 14:08:30 cursor: 16; firstVis: 3; vl_firstVis: 3
debug 2025/11/23 14:08:30 cursor: 16; firstVis: 3; vl_firstVis: 3
debug 2025/11/23 14:08:31 cursor: 16; firstVis: 3; vl_firstVis: 3
debug 2025/11/23 14:08:32 cursor: 16; firstVis: 3; vl_firstVis: 3
debug 2025/11/23 14:08:33 cursor: 16; firstVis: 3; vl_firstVis: 3
debug 2025/11/23 14:08:34 cursor: 16; firstVis: 3; vl_firstVis: 3
debug 2025/11/23 14:08:35 cursor: 16; firstVis: 4; vl_firstVis: 4
debug 2025/11/23 14:08:35 cursor: 16; firstVis: 5; vl_firstVis: 5
debug 2025/11/23 14:08:36 cursor: 16; firstVis: 6; vl_firstVis: 6
debug 2025/11/23 14:08:37 cursor: 16; firstVis: 6; vl_firstVis: 6
debug 2025/11/23 14:08:37 cursor: 16; firstVis: 6; vl_firstVis: 6
debug 2025/11/23 14:08:37 cursor: 16; firstVis: 6; vl_firstVis: 6
debug 2025/11/23 14:08:38 cursor: 16; firstVis: 6; vl_firstVis: 6
debug 2025/11/23 14:08:38 cursor: 16; firstVis: 6; vl_firstVis: 6
debug 2025/11/23 14:08:38 cursor: 16; firstVis: 6; vl_firstVis: 6
debug 2025/11/23 14:08:39 cursor: 16; firstVis: 8; vl_firstVis: 8
debug 2025/11/23 14:08:39 cursor: 16; firstVis: 8; vl_firstVis: 8
debug 2025/11/23 14:08:39 cursor: 16; firstVis: 8; vl_firstVis: 8
debug 2025/11/23 14:08:39 cursor: 16; firstVis: 8; vl_firstVis: 8
debug 2025/11/23 14:08:39 cursor: 16; firstVis: 8; vl_firstVis: 8
debug 2025/11/23 14:08:40 cursor: 16; firstVis: 8; vl_firstVis: 8
debug 2025/11/23 14:08:40 cursor: 16; firstVis: 14; vl_firstVis: 14
debug 2025/11/23 14:08:40 cursor: 16; firstVis: 15; vl_firstVis: 15
debug 2025/11/23 14:08:40 cursor: 16; firstVis: 15; vl_firstVis: 15
debug 2025/11/23 14:08:41 cursor: 16; firstVis: 15; vl_firstVis: 15
debug 2025/11/23 14:08:41 cursor: 16; firstVis: 15; vl_firstVis: 15
debug 2025/11/23 14:08:50 cursor: 14; firstVis: 0; vl_firstVis: 0
debug 2025/11/23 14:08:50 cursor: 14; firstVis: 0; vl_firstVis: 0
debug 2025/11/23 14:08:51 cursor: 14; firstVis: 0; vl_firstVis: 0
debug 2025/11/23 14:08:52 cursor: 14; firstVis: 0; vl_firstVis: 0
debug 2025/11/23 14:08:53 cursor: 14; firstVis: 0; vl_firstVis: 0
debug 2025/11/23 14:08:55 cursor: 14; firstVis: 1; vl_firstVis: 1
debug 2025/11/23 14:08:56 cursor: 14; firstVis: 2; vl_firstVis: 2
debug 2025/11/23 14:08:56 cursor: 14; firstVis: 3; vl_firstVis: 3
debug 2025/11/23 14:08:56 cursor: 14; firstVis: 3; vl_firstVis: 3
debug 2025/11/23 14:08:57 cursor: 14; firstVis: 3; vl_firstVis: 3
debug 2025/11/23 14:08:57 cursor: 14; firstVis: 3; vl_firstVis: 3
debug 2025/11/23 14:08:58 cursor: 14; firstVis: 3; vl_firstVis: 3
debug 2025/11/23 14:08:58 cursor: 14; firstVis: 4; vl_firstVis: 4
debug 2025/11/23 14:08:58 cursor: 14; firstVis: 4; vl_firstVis: 4
debug 2025/11/23 14:08:59 cursor: 14; firstVis: 4; vl_firstVis: 4
debug 2025/11/23 14:08:59 cursor: 14; firstVis: 4; vl_firstVis: 4
debug 2025/11/23 14:09:00 cursor: 14; firstVis: 4; vl_firstVis: 4
debug 2025/11/23 14:09:00 cursor: 14; firstVis: 4; vl_firstVis: 4
debug 2025/11/23 14:09:00 cursor: 14; firstVis: 5; vl_firstVis: 5
debug 2025/11/23 14:09:00 cursor: 14; firstVis: 5; vl_firstVis: 5
debug 2025/11/23 14:09:01 cursor: 14; firstVis: 5; vl_firstVis: 5
debug 2025/11/23 14:09:01 cursor: 14; firstVis: 5; vl_firstVis: 5
debug 2025/11/23 14:09:01 cursor: 14; firstVis: 5; vl_firstVis: 5
debug 2025/11/23 14:09:02 cursor: 14; firstVis: 5; vl_firstVis: 5
debug 2025/11/23 14:09:02 cursor: 14; firstVis: 5; vl_firstVis: 5
debug 2025/11/23 14:09:02 cursor: 14; firstVis: 5; vl_firstVis: 5
debug 2025/11/23 14:09:02 cursor: 14; firstVis: 5; vl_firstVis: 5
debug 2025/11/23 14:09:03 cursor: 14; firstVis: 5; vl_firstVis: 5
debug 2025/11/23 14:09:03 cursor: 14; firstVis: 5; vl_firstVis: 5
debug 2025/11/23 14:09:03 cursor: 14; firstVis: 5; vl_firstVis: 5
debug 2025/11/23 20:33:18 cursor: 0; firstVis: 0; vl_firstVis: 0
debug 2025/11/23 20:33:18 cursor: 0; firstVis: 0; vl_firstVis: 0
debug 2025/11/23 20:33:19 cursor: 0; firstVis: 0; vl_firstVis: 0
debug 2025/11/23 20:33:25 cursor: 0; firstVis: 0; vl_firstVis: -3
debug 2025/11/23 20:33:25 cursor: 0; firstVis: 0; vl_firstVis: -3
debug 2025/11/23 20:33:25 cursor: 0; firstVis: 0; vl_firstVis: -3
debug 2025/11/23 20:33:28 cursor: 0; firstVis: 0; vl_firstVis: -3
debug 2025/11/23 20:33:30 cursor: 0; firstVis: 0; vl_firstVis: -3
debug 2025/11/23 20:33:32 cursor: 0; firstVis: 0; vl_firstVis: -3
debug 2025/11/23 20:33:33 cursor: 0; firstVis: 0; vl_firstVis: -3
debug 2025/11/23 20:33:33 cursor: 0; firstVis: 0; vl_firstVis: -3
debug 2025/11/23 20:33:34 cursor: 0; firstVis: 0; vl_firstVis: -3
debug 2025/11/23 20:33:34 cursor: 0; firstVis: 0; vl_firstVis: -3
debug 2025/11/23 20:33:34 cursor: 0; firstVis: 0; vl_firstVis: -3
debug 2025/11/23 20:33:35 cursor: 0; firstVis: 0; vl_firstVis: -3
debug 2025/11/23 20:33:41 cursor: 0; firstVis: 0; vl_firstVis: -3
debug 2025/11/23 20:33:44 cursor: 0; firstVis: 0; vl_firstVis: -3
debug 2025/11/23 20:33:46 cursor: 0; firstVis: 0; vl_firstVis: -3
debug 2025/11/23 20:33:47 cursor: 0; firstVis: 0; vl_firstVis: -3
debug 2025/11/23 20:33:48 cursor: 0; firstVis: 0; vl_firstVis: -3
debug 2025/11/23 20:33:49 cursor: 0; firstVis: 0; vl_firstVis: -3
debug 2025/11/23 20:33:49 cursor: 0; firstVis: 0; vl_firstVis: -3
debug 2025/11/23 20:33:49 cursor: 0; firstVis: 0; vl_firstVis: -3
debug 2025/11/23 20:33:49 cursor: 0; firstVis: 0; vl_firstVis: -3
debug 2025/11/23 20:33:50 cursor: 0; firstVis: 0; vl_firstVis: -3
debug 2025/11/23 20:33:50 cursor: 0; firstVis: 0; vl_firstVis: -3
debug 2025/11/23 20:33:50 cursor: 0; firstVis: 0; vl_firstVis: -3
debug 2025/11/23 20:33:56 cursor: 13; firstVis: 0; vl_firstVis: -3
debug 2025/11/23 20:33:56 cursor: 13; firstVis: 0; vl_firstVis: -3
debug 2025/11/23 20:33:57 cursor: 13; firstVis: 0; vl_firstVis: -3
debug 2025/11/23 20:33:57 cursor: 13; firstVis: 0; vl_firstVis: -3
debug 2025/11/23 20:33:58 cursor: 13; firstVis: 0; vl_firstVis: -3
debug 2025/11/23 20:33:58 cursor: 13; firstVis: 0; vl_firstVis: -3
debug 2025/11/23 20:33:58 cursor: 13; firstVis: 0; vl_firstVis: -3
debug 2025/11/23 20:33:58 cursor: 13; firstVis: 0; vl_firstVis: -3
debug 2025/11/23 20:33:59 cursor: 13; firstVis: 0; vl_firstVis: -3
debug 2025/11/23 20:35:55 cursor: 0; firstVis: 0; vl_firstVis: 0
debug 2025/11/23 20:35:56 cursor: 0; firstVis: 0; vl_firstVis: 0
debug 2025/11/23 20:35:57 cursor: 0; firstVis: 0; vl_firstVis: 0
debug 2025/11/23 20:35:58 cursor: 0; firstVis: 0; vl_firstVis: 0
debug 2025/11/23 20:35:58 cursor: 0; firstVis: 0; vl_firstVis: 0
debug 2025/11/23 20:36:01 cursor: 0; firstVis: 0; vl_firstVis: 0
debug 2025/11/23 20:36:01 cursor: 0; firstVis: 0; vl_firstVis: 0
debug 2025/11/23 20:36:02 cursor: 0; firstVis: 0; vl_firstVis: 0
debug 2025/11/23 20:36:02 cursor: 0; firstVis: 0; vl_firstVis: 0
debug 2025/11/23 20:36:02 cursor: 0; firstVis: 0; vl_firstVis: 0
debug 2025/11/23 20:36:03 cursor: 0; firstVis: 0; vl_firstVis: 0
debug 2025/11/23 20:36:07 cursor: 12; firstVis: 0; vl_firstVis: 0
debug 2025/11/23 20:36:08 cursor: 12; firstVis: 0; vl_firstVis: 0
debug 2025/11/23 20:36:09 cursor: 12; firstVis: 0; vl_firstVis: 0
debug 2025/11/23 20:36:09 cursor: 12; firstVis: 0; vl_firstVis: 0
debug 2025/11/23 20:36:10 cursor: 12; firstVis: 0; vl_firstVis: 0
debug 2025/11/23 20:36:10 cursor: 12; firstVis: 0; vl_firstVis: 0
debug 2025/11/23 20:36:10 cursor: 12; firstVis: 0; vl_firstVis: 0
debug 2025/11/23 20:36:11 cursor: 12; firstVis: 0; vl_firstVis: 0
debug 2025/11/23 20:36:11 cursor: 12; firstVis: 0; vl_firstVis: 0
debug 2025/11/23 20:36:11 cursor: 12; firstVis: 0; vl_firstVis: 0
debug 2025/11/23 20:36:11 cursor: 12; firstVis: 0; vl_firstVis: 0
debug 2025/11/23 20:36:12 cursor: 12; firstVis: 0; vl_firstVis: 0
debug 2025/11/23 20:36:12 cursor: 12; firstVis: 0; vl_firstVis: 0
debug 2025/11/23 20:36:16 firstVisibleLine: 4
debug 2025/11/23 20:36:29 firstVisibleLine: 1
debug 2025/11/23 20:36:29 firstVisibleLine: 2
debug 2025/11/23 20:36:29 firstVisibleLine: 3
debug 2025/11/23 20:36:29 firstVisibleLine: 4
debug 2025/11/23 20:36:52 firstVisibleLine: 1
debug 2025/11/23 20:36:52 firstVisibleLine: 2
debug 2025/11/23 20:36:52 firstVisibleLine: 3
debug 2025/11/23 20:36:52 firstVisibleLine: 4
debug 2025/11/23 20:39:02 cursor: 0; firstVis: 0; vl_firstVis: 0
debug 2025/11/23 20:39:02 cursor: 0; firstVis: 0; vl_firstVis: 0
debug 2025/11/23 20:39:02 cursor: 0; firstVis: 0; vl_firstVis: 0
debug 2025/11/23 20:39:03 cursor: 0; firstVis: 0; vl_firstVis: 0
debug 2025/11/23 20:39:04 cursor: 0; firstVis: 0; vl_firstVis: 0
debug 2025/11/23 20:39:04 cursor: 0; firstVis: 0; vl_firstVis: 0
debug 2025/11/23 20:39:07 firstVisibleLine: -1
debug 2025/11/23 20:39:07 firstVisibleLine: 0
debug 2025/11/23 20:39:07 firstVisibleLine: 1
debug 2025/11/23 20:39:07 firstVisibleLine: 2
debug 2025/11/23 20:39:19 firstVisibleLine: 1
debug 2025/11/23 20:39:22 firstVisibleLine: 2
debug 2025/11/23 20:39:32 cursor: 14; firstVis: 0; vl_firstVis: 0
debug 2025/11/23 20:39:34 cursor: 14; firstVis: 0; vl_firstVis: 0
debug 2025/11/23 20:39:36 cursor: 14; firstVis: 0; vl_firstVis: 0
debug 2025/11/23 20:39:37 cursor: 14; firstVis: 0; vl_firstVis: 0
debug 2025/11/23 20:39:37 cursor: 14; firstVis: 0; vl_firstVis: 0
debug 2025/11/23 20:39:37 cursor: 14; firstVis: 0; vl_firstVis: 0
debug 2025/11/23 20:39:39 cursor: 14; firstVis: 0; vl_firstVis: 0
debug 2025/11/23 20:39:39 cursor: 14; firstVis: 0; vl_firstVis: 0
debug 2025/11/23 20:39:39 cursor: 14; firstVis: 0; vl_firstVis: 0
debug 2025/11/23 20:39:40 cursor: 14; firstVis: 0; vl_firstVis: 0
debug 2025/11/23 20:39:40 cursor: 14; firstVis: 0; vl_firstVis: 0
debug 2025/11/23 20:39:40 cursor: 14; firstVis: 0; vl_firstVis: 0
debug 2025/11/23 20:39:41 cursor: 14; firstVis: 0; vl_firstVis: 0
debug 2025/11/23 20:39:41 cursor: 14; firstVis: 0; vl_firstVis: 0
debug 2025/11/23 20:39:42 cursor: 14; firstVis: 0; vl_firstVis: 0
debug 2025/11/23 20:39:42 cursor: 14; firstVis: 0; vl_firstVis: 0
debug 2025/11/23 20:39:42 cursor: 14; firstVis: 0; vl_firstVis: 0
debug 2025/11/23 20:39:43 cursor: 14; firstVis: 0; vl_firstVis: 0
debug 2025/11/23 20:39:43 cursor: 14; firstVis: 0; vl_firstVis: 0
debug 2025/11/23 20:39:44 cursor: 14; firstVis: 0; vl_firstVis: 0
debug 2025/11/23 20:39:45 cursor: 14; firstVis: 0; vl_firstVis: 0
debug 2025/11/23 20:39:45 cursor: 14; firstVis: 0; vl_firstVis: 0
debug 2025/11/23 20:39:46 firstVisibleLine: 6
debug 2025/11/23 20:39:47 firstVisibleLine: 7
debug 2025/11/23 20:39:52 firstVisibleLine: 1
debug 2025/11/23 20:39:52 firstVisibleLine: 2
debug 2025/11/23 20:39:53 firstVisibleLine: 3
debug 2025/11/23 20:39:53 firstVisibleLine: 4
debug 2025/11/23 20:39:53 firstVisibleLine: 5
debug 2025/11/23 20:39:53 firstVisibleLine: 6
debug 2025/11/23 20:39:53 firstVisibleLine: 7
debug 2025/11/23 20:40:02 firstVisibleLine: 1
debug 2025/11/23 20:40:02 firstVisibleLine: 2
debug 2025/11/23 20:40:02 firstVisibleLine: 3
debug 2025/11/23 20:40:03 firstVisibleLine: 4
debug 2025/11/23 20:40:03 firstVisibleLine: 5
debug 2025/11/23 20:40:03 firstVisibleLine: 6
debug 2025/11/23 20:40:03 firstVisibleLine: 7
debug 2025/11/23 20:40:08 firstVisibleLine: 3
debug 2025/11/23 20:40:08 firstVisibleLine: 4
debug 2025/11/23 20:40:08 firstVisibleLine: 5
debug 2025/11/23 20:40:08 firstVisibleLine: 6
debug 2025/11/23 20:40:08 firstVisibleLine: 7
debug 2025/11/23 20:43:43 firstVisibleLine: 1
debug 2025/11/23 20:43:43 firstVisibleLine: 2
debug 2025/11/23 20:43:43 firstVisibleLine: 3
debug 2025/11/23 20:43:43 firstVisibleLine: 4
debug 2025/11/23 20:43:43 firstVisibleLine: 5
debug 2025/11/23 20:43:43 firstVisibleLine: 6
debug 2025/11/23 20:43:43 firstVisibleLine: 7
debug 2025/11/23 20:43:48 cursor: 16; firstVis: 0; vl_firstVis: 7
debug 2025/11/23 20:43:48 cursor: 16; firstVis: 0; vl_firstVis: 0
debug 2025/11/23 20:43:49 cursor: 16; firstVis: 0; vl_firstVis: 0
debug 2025/11/23 20:43:51 cursor: 16; firstVis: 0; vl_firstVis: 0
debug 2025/11/23 20:43:51 cursor: 16; firstVis: 0; vl_firstVis: 0
debug 2025/11/23 20:43:52 cursor: 16; firstVis: 0; vl_firstVis: 0
debug 2025/11/23 20:44:02 cursor: 16; firstVis: 0; vl_firstVis: 0
debug 2025/11/23 20:44:04 cursor: 16; firstVis: 0; vl_firstVis: 0
debug 2025/11/23 20:44:05 cursor: 16; firstVis: 1; vl_firstVis: 1
debug 2025/11/23 20:44:11 cursor: 16; firstVis: 2; vl_firstVis: 2
debug 2025/11/23 20:44:12 cursor: 16; firstVis: 3; vl_firstVis: 3
debug 2025/11/23 20:44:13 cursor: 16; firstVis: 4; vl_firstVis: 4
debug 2025/11/23 20:44:14 cursor: 16; firstVis: 5; vl_firstVis: 5
debug 2025/11/23 20:44:14 cursor: 16; firstVis: 5; vl_firstVis: 5
debug 2025/11/23 20:44:15 cursor: 16; firstVis: 5; vl_firstVis: 5
debug 2025/11/23 20:44:15 cursor: 16; firstVis: 5; vl_firstVis: 5
debug 2025/11/23 20:44:17 cursor: 16; firstVis: 5; vl_firstVis: 5
debug 2025/11/23 20:44:17 cursor: 16; firstVis: 5; vl_firstVis: 5
debug 2025/11/23 20:44:17 cursor: 16; firstVis: 5; vl_firstVis: 5
debug 2025/11/23 20:44:17 cursor: 16; firstVis: 5; vl_firstVis: 5
debug 2025/11/23 20:44:18 cursor: 16; firstVis: 5; vl_firstVis: 5
debug 2025/11/23 20:44:18 cursor: 16; firstVis: 5; vl_firstVis: 5
debug 2025/11/23 20:44:19 cursor: 16; firstVis: 5; vl_firstVis: 5
debug 2025/11/23 20:44:20 cursor: 16; firstVis: 5; vl_firstVis: 5
debug 2025/11/23 20:44:20 cursor: 16; firstVis: 5; vl_firstVis: 5
debug 2025/11/23 20:44:21 cursor: 16; firstVis: 5; vl_firstVis: 5
debug 2025/11/23 20:44:21 cursor: 16; firstVis: 5; vl_firstVis: 5
debug 2025/11/23 20:44:22 cursor: 16; firstVis: 5; vl_firstVis: 5
debug 2025/11/23 20:44:23 cursor: 16; firstVis: 5; vl_firstVis: 5
debug 2025/11/23 20:44:26 cursor: 16; firstVis: 6; vl_firstVis: 6
debug 2025/11/23 20:44:27 cursor: 16; firstVis: 7; vl_firstVis: 7
debug 2025/11/23 20:44:29 cursor: 16; firstVis: 8; vl_firstVis: 8
debug 2025/11/23 20:44:31 cursor: 16; firstVis: 8; vl_firstVis: 8
debug 2025/11/23 20:44:32 cursor: 16; firstVis: 8; vl_firstVis: 8
debug 2025/11/23 20:44:33 cursor: 16; firstVis: 8; vl_firstVis: 8
debug 2025/11/23 20:44:33 cursor: 16; firstVis: 8; vl_firstVis: 8
debug 2025/11/23 20:44:33 cursor: 16; firstVis: 8; vl_firstVis: 8
debug 2025/11/23 20:44:34 cursor: 16; firstVis: 8; vl_firstVis: 8
debug 2025/11/23 20:44:34 cursor: 16; firstVis: 8; vl_firstVis: 8
debug 2025/11/23 20:44:34 cursor: 16; firstVis: 8; vl_firstVis: 8
debug 2025/11/23 20:44:35 cursor: 16; firstVis: 8; vl_firstVis: 8
debug 2025/11/23 20:44:35 cursor: 16; firstVis: 8; vl_firstVis: 8
debug 2025/11/23 20:44:51 firstVisibleLine: 1
debug 2025/11/23 20:44:52 firstVisibleLine: 2
debug 2025/11/23 20:44:56 cursor: 14; firstVis: 0; vl_firstVis: 2
debug 2025/11/23 20:45:09 cursor: 14; firstVis: 0; vl_firstVis: 0
debug 2025/11/23 20:45:13 cursor: 14; firstVis: 0; vl_firstVis: 0
debug 2025/11/23 20:45:13 cursor: 14; firstVis: 1; vl_firstVis: 1
debug 2025/11/23 20:45:14 cursor: 14; firstVis: 2; vl_firstVis: 2
debug 2025/11/23 20:46:17 firstVisibleLine: 1
debug 2025/11/23 20:46:17 firstVisibleLine: 2
debug 2025/11/23 20:46:17 firstVisibleLine: 3
debug 2025/11/23 20:46:17 firstVisibleLine: 4
debug 2025/11/23 20:46:17 firstVisibleLine: 5
debug 2025/11/23 20:46:17 firstVisibleLine: 6
debug 2025/11/23 20:46:17 firstVisibleLine: 7
debug 2025/11/23 20:46:17 firstVisibleLine: 8
debug 2025/11/23 20:46:17 firstVisibleLine: 9
debug 2025/11/23 20:46:19 cursor: 18; firstVis: 0; vl_firstVis: 9
debug 2025/11/23 20:46:20 cursor: 18; firstVis: 6; vl_firstVis: 6
debug 2025/11/23 20:46:21 cursor: 18; firstVis: 7; vl_firstVis: 7
debug 2025/11/23 20:46:33 firstVisibleLine: 1
debug 2025/11/23 20:46:33 firstVisibleLine: 2
debug 2025/11/23 20:46:33 firstVisibleLine: 3
debug 2025/11/23 20:46:33 firstVisibleLine: 4
debug 2025/11/23 20:46:34 firstVisibleLine: 5
debug 2025/11/23 20:46:34 firstVisibleLine: 6
debug 2025/11/23 20:46:34 firstVisibleLine: 7
debug 2025/11/23 20:46:34 firstVisibleLine: 8
debug 2025/11/23 20:46:35 firstVisibleLine: 9
debug 2025/11/23 20:46:38 cursor: 18; firstVis: 0; vl_firstVis: 9
debug 2025/11/23 20:46:55 cursor: 13; firstVis: 6; vl_firstVis: 6
debug 2025/11/23 20:46:56 cursor: 13; firstVis: 6; vl_firstVis: 6
debug 2025/11/23 20:46:59 cursor: 13; firstVis: 6; vl_firstVis: 6
debug 2025/11/23 20:46:59 cursor: 13; firstVis: 6; vl_firstVis: 6
debug 2025/11/23 20:46:59 cursor: 13; firstVis: 6; vl_firstVis: 6
debug 2025/11/23 20:47:00 cursor: 13; firstVis: 6; vl_firstVis: 6
debug 2025/11/23 20:47:00 cursor: 13; firstVis: 6; vl_firstVis: 6
debug 2025/11/23 20:47:00 cursor: 13; firstVis: 6; vl_firstVis: 6
debug 2025/11/23 20:47:01 cursor: 13; firstVis: 6; vl_firstVis: 6
debug 2025/11/23 20:47:01 cursor: 13; firstVis: 6; vl_firstVis: 6
debug 2025/11/23 20:47:01 cursor: 13; firstVis: 6; vl_firstVis: 6
debug 2025/11/23 20:47:02 cursor: 13; firstVis: 6; vl_firstVis: 6
debug 2025/11/23 20:47:02 cursor: 13; firstVis: 6; vl_firstVis: 6
debug 2025/11/23 20:47:04 cursor: 13; firstVis: 6; vl_firstVis: 6
debug 2025/11/23 20:47:04 cursor: 13; firstVis: 6; vl_firstVis: 6
debug 2025/11/23 20:47:05 cursor: 13; firstVis: 6; vl_firstVis: 6
debug 2025/11/23 20:47:07 cursor: 13; firstVis: 6; vl_firstVis: 6
debug 2025/11/23 20:47:08 cursor: 13; firstVis: 7; vl_firstVis: 7
debug 2025/11/23 20:50:40 cursor: 13; firstVis: 8; vl_firstVis: 8
debug 2025/11/23 20:50:40 cursor: 13; firstVis: 8; vl_firstVis: 8
debug 2025/11/23 20:50:40 cursor: 13; firstVis: 8; vl_firstVis: 8
debug 2025/11/23 20:51:03 cursor: 6; firstVis: 0; vl_firstVis: 0
debug 2025/11/23 20:51:05 cursor: 6; firstVis: 0; vl_firstVis: 0
debug 2025/11/23 20:51:05 cursor: 6; firstVis: 0; vl_firstVis: 0
debug 2025/11/23 20:51:05 cursor: 6; firstVis: 0; vl_firstVis: 0
debug 2025/11/23 20:51:06 cursor: 6; firstVis: 0; vl_firstVis: 0
debug 2025/11/23 20:51:06 cursor: 6; firstVis: 0; vl_firstVis: 0
debug 2025/11/23 20:51:07 cursor: 6; firstVis: 0; vl_firstVis: 0
debug 2025/11/23 20:51:08 cursor: 6; firstVis: 0; vl_firstVis: 0
debug 2025/11/23 20:51:08 cursor: 6; firstVis: 0; vl_firstVis: 0
debug 2025/11/23 20:51:10 cursor: 6; firstVis: 0; vl_firstVis: 0
debug 2025/11/23 20:51:10 cursor: 6; firstVis: 0; vl_firstVis: 0
debug 2025/11/23 20:51:11 cursor: 6; firstVis: 0; vl_firstVis: 0
debug 2025/11/23 20:51:12 cursor: 6; firstVis: 0; vl_firstVis: 0
debug 2025/11/23 20:51:12 cursor: 6; firstVis: 0; vl_firstVis: 0
debug 2025/11/23 20:51:13 cursor: 6; firstVis: 0; vl_firstVis: 0
debug 2025/11/23 20:51:13 cursor: 6; firstVis: 0; vl_firstVis: 0
debug 2025/11/23 20:51:14 cursor: 6; firstVis: 0; vl_firstVis: 0
debug 2025/11/23 20:51:16 cursor: 6; firstVis: 0; vl_firstVis: 0
debug 2025/11/23 20:51:16 cursor: 6; firstVis: 0; vl_firstVis: 0
debug 2025/11/23 20:51:16 cursor: 6; firstVis: 0; vl_firstVis: 0
debug 2025/11/23 20:51:17 cursor: 6; firstVis: 0; vl_firstVis: 0
debug 2025/11/23 20:51:20 firstVisibleLine: 1
debug 2025/11/23 20:51:33 cursor: 18; firstVis: 0; vl_firstVis: 0
debug 2025/11/23 20:51:35 cursor: 18; firstVis: 0; vl_firstVis: 0
debug 2025/11/23 20:51:39 cursor: 18; firstVis: 0; vl_firstVis: 0
debug 2025/11/23 20:51:41 cursor: 18; firstVis: 0; vl_firstVis: 0
debug 2025/11/23 20:51:43 cursor: 18; firstVis: 0; vl_firstVis: 0
debug 2025/11/23 20:51:47 cursor: 18; firstVis: 1; vl_firstVis: 1
debug 2025/11/23 20:51:48 cursor: 18; firstVis: 2; vl_firstVis: 2
debug 2025/11/23 20:51:51 cursor: 18; firstVis: 3; vl_firstVis: 3
debug 2025/11/23 20:51:52 cursor: 18; firstVis: 3; vl_firstVis: 3
debug 2025/11/23 20:51:52 cursor: 18; firstVis: 3; vl_firstVis: 3
debug 2025/11/23 20:51:53 cursor: 18; firstVis: 3; vl_firstVis: 3
debug 2025/11/23 20:51:54 cursor: 18; firstVis: 3; vl_firstVis: 3
debug 2025/11/23 20:51:54 cursor: 18; firstVis: 3; vl_firstVis: 3
debug 2025/11/23 20:51:55 cursor: 18; firstVis: 3; vl_firstVis: 3
debug 2025/11/23 20:51:56 cursor: 18; firstVis: 3; vl_firstVis: 3
debug 2025/11/23 20:51:57 cursor: 18; firstVis: 3; vl_firstVis: 3
debug 2025/11/23 20:51:58 cursor: 18; firstVis: 3; vl_firstVis: 3
debug 2025/11/23 20:51:59 cursor: 18; firstVis: 4; vl_firstVis: 4
debug 2025/11/23 20:52:02 cursor: 18; firstVis: 5; vl_firstVis: 5
debug 2025/11/23 20:52:04 cursor: 18; firstVis: 6; vl_firstVis: 6
debug 2025/11/23 20:52:05 cursor: 18; firstVis: 7; vl_firstVis: 7
debug 2025/11/23 20:52:05 cursor: 18; firstVis: 7; vl_firstVis: 7
debug 2025/11/23 20:52:06 cursor: 18; firstVis: 7; vl_firstVis: 7
debug 2025/11/23 20:52:06 cursor: 18; firstVis: 7; vl_firstVis: 7
debug 2025/11/23 20:52:13 firstVisibleLine: 1
debug 2025/11/23 20:52:13 firstVisibleLine: 2
debug 2025/11/23 20:52:13 firstVisibleLine: 3
debug 2025/11/23 20:52:14 firstVisibleLine: 4
debug 2025/11/23 20:52:26 cursor: 21; firstVis: 4; vl_firstVis: 4
debug 2025/11/23 20:52:28 cursor: 21; firstVis: 4; vl_firstVis: 4
debug 2025/11/23 20:52:31 cursor: 21; firstVis: 4; vl_firstVis: 4
debug 2025/11/23 20:52:33 cursor: 21; firstVis: 4; vl_firstVis: 4
debug 2025/11/23 20:52:37 cursor: 21; firstVis: 5; vl_firstVis: 5
debug 2025/11/23 20:52:40 cursor: 21; firstVis: 6; vl_firstVis: 6
debug 2025/11/23 20:52:41 cursor: 21; firstVis: 6; vl_firstVis: 6
debug 2025/11/23 20:52:42 cursor: 21; firstVis: 6; vl_firstVis: 6
debug 2025/11/23 20:52:43 cursor: 21; firstVis: 7; vl_firstVis: 7
debug 2025/11/23 20:52:44 cursor: 21; firstVis: 8; vl_firstVis: 8
debug 2025/11/23 20:52:44 cursor: 21; firstVis: 9; vl_firstVis: 9
debug 2025/11/23 20:52:44 cursor: 21; firstVis: 9; vl_firstVis: 9
debug 2025/11/23 20:52:45 cursor: 21; firstVis: 9; vl_firstVis: 9
debug 2025/11/23 20:52:45 cursor: 21; firstVis: 9; vl_firstVis: 9
debug 2025/11/23 20:52:45 cursor: 21; firstVis: 9; vl_firstVis: 9
debug 2025/11/23 20:53:51 cursor: 17; firstVis: 0; vl_firstVis: 0
debug 2025/11/23 20:53:52 cursor: 17; firstVis: 0; vl_firstVis: 0
debug 2025/11/23 20:53:53 cursor: 17; firstVis: 0; vl_firstVis: 0
debug 2025/11/23 20:53:54 cursor: 17; firstVis: 0; vl_firstVis: 0
debug 2025/11/23 20:53:58 cursor: 17; firstVis: 0; vl_firstVis: 0
debug 2025/11/23 20:53:59 cursor: 17; firstVis: 0; vl_firstVis: 0
debug 2025/11/23 20:54:15 cursor: 17; firstVis: 0; vl_firstVis: 0
debug 2025/11/23 20:54:16 cursor: 17; firstVis: 0; vl_firstVis: 0
debug 2025/11/23 20:54:21 cursor: 17; firstVis: 0; vl_firstVis: 0
debug 2025/11/23 20:54:22 cursor: 17; firstVis: 1; vl_firstVis: 1
debug 2025/11/23 20:54:24 cursor: 17; firstVis: 1; vl_firstVis: 1
debug 2025/11/23 20:54:24 cursor: 17; firstVis: 1; vl_firstVis: 1
debug 2025/11/23 20:54:24 cursor: 17; firstVis: 2; vl_firstVis: 2
debug 2025/11/23 20:54:25 cursor: 17; firstVis: 3; vl_firstVis: 3
debug 2025/11/23 20:54:25 cursor: 17; firstVis: 3; vl_firstVis: 3
debug 2025/11/23 20:55:17 cursor: 19; firstVis: 0; vl_firstVis: 0
debug 2025/11/23 20:55:20 cursor: 19; firstVis: 0; vl_firstVis: 0
debug 2025/11/23 20:55:22 cursor: 19; firstVis: 0; vl_firstVis: 0
debug 2025/11/23 20:55:24 cursor: 19; firstVis: 0; vl_firstVis: 0
debug 2025/11/23 20:55:28 cursor: 19; firstVis: 0; vl_firstVis: 0
debug 2025/11/23 20:55:31 cursor: 19; firstVis: 0; vl_firstVis: 0
debug 2025/11/23 20:55:42 cursor: 19; firstVis: 0; vl_firstVis: 0
debug 2025/11/23 20:55:45 cursor: 19; firstVis: 1; vl_firstVis: 1
debug 2025/11/23 20:56:08 cursor: 19; firstVis: 2; vl_firstVis: 2
debug 2025/11/23 20:56:09 cursor: 19; firstVis: 2; vl_firstVis: 2
debug 2025/11/23 20:56:09 cursor: 19; firstVis: 2; vl_firstVis: 2
debug 2025/11/23 20:56:09 cursor: 19; firstVis: 2; vl_firstVis: 2
debug 2025/11/23 20:56:17 cursor: 19; firstVis: 0; vl_firstVis: 0
debug 2025/11/23 20:56:17 cursor: 19; firstVis: 0; vl_firstVis: 0
debug 2025/11/23 20:56:18 cursor: 19; firstVis: 0; vl_firstVis: 0
debug 2025/11/23 20:56:18 cursor: 19; firstVis: 0; vl_firstVis: 0
debug 2025/11/23 20:56:19 cursor: 19; firstVis: 0; vl_firstVis: 0
debug 2025/11/23 20:56:19 cursor: 19; firstVis: 0; vl_firstVis: 0
debug 2025/11/23 20:56:19 cursor: 19; firstVis: 0; vl_firstVis: 0
debug 2025/11/23 20:56:20 cursor: 19; firstVis: 0; vl_firstVis: 0
debug 2025/11/23 20:56:23 cursor: 19; firstVis: 0; vl_firstVis: 0
debug 2025/11/23 20:56:26 cursor: 19; firstVis: 0; vl_firstVis: 0
debug 2025/11/23 20:56:28 cursor: 19; firstVis: 1; vl_firstVis: 1
debug 2025/11/23 20:56:30 cursor: 19; firstVis: 2; vl_firstVis: 2
debug 2025/11/23 20:56:31 cursor: 19; firstVis: 2; vl_firstVis: 2
debug 2025/11/23 20:56:32 cursor: 19; firstVis: 2; vl_firstVis: 2
debug 2025/11/23 20:56:33 cursor: 19; firstVis: 2; vl_firstVis: 2
debug 2025/11/23 20:56:34 cursor: 19; firstVis: 2; vl_firstVis: 2
debug 2025/11/23 20:56:35 cursor: 19; firstVis: 2; vl_firstVis: 2
debug 2025/11/23 20:56:36 cursor: 19; firstVis: 3; vl_firstVis: 3
debug 2025/11/23 20:56:38 cursor: 19; firstVis: 4; vl_firstVis: 4
debug 2025/11/23 20:56:39 cursor: 19; firstVis: 5; vl_firstVis: 5
debug 2025/11/23 20:56:39 cursor: 19; firstVis: 5; vl_firstVis: 5
debug 2025/11/23 20:56:39 cursor: 19; firstVis: 5; vl_firstVis: 5
debug 2025/11/23 20:56:40 cursor: 19; firstVis: 5; vl_firstVis: 5
debug 2025/11/23 20:56:40 cursor: 19; firstVis: 5; vl_firstVis: 5
debug 2025/11/23 20:57:08 cursor: 21; firstVis: 0; vl_firstVis: 0
debug 2025/11/23 20:57:08 cursor: 21; firstVis: 0; vl_firstVis: 0
debug 2025/11/23 20:57:09 cursor: 21; firstVis: 0; vl_firstVis: 0
debug 2025/11/23 20:57:10 cursor: 21; firstVis: 0; vl_firstVis: 0
debug 2025/11/23 20:57:12 cursor: 21; firstVis: 0; vl_firstVis: 0
debug 2025/11/23 20:57:14 cursor: 21; firstVis: 0; vl_firstVis: 0
debug 2025/11/23 20:57:15 cursor: 21; firstVis: 0; vl_firstVis: 0
debug 2025/11/23 20:57:17 cursor: 21; firstVis: 0; vl_firstVis: 0
debug 2025/11/23 20:57:18 cursor: 21; firstVis: 4; vl_firstVis: 4
debug 2025/11/23 20:57:20 cursor: 21; firstVis: 4; vl_firstVis: 4
debug 2025/11/23 20:57:21 cursor: 21; firstVis: 4; vl_firstVis: 4
debug 2025/11/23 20:57:23 cursor: 21; firstVis: 4; vl_firstVis: 4
debug 2025/11/23 20:57:23 cursor: 21; firstVis: 4; vl_firstVis: 4
debug 2025/11/23 20:57:23 cursor: 21; firstVis: 4; vl_firstVis: 4
debug 2025/11/23 20:57:23 cursor: 21; firstVis: 4; vl_firstVis: 4
debug 2025/11/23 20:57:24 cursor: 21; firstVis: 4; vl_firstVis: 4
debug 2025/11/23 20:57:25 cursor: 21; firstVis: 4; vl_firstVis: 4
debug 2025/11/23 20:57:26 cursor: 21; firstVis: 4; vl_firstVis: 4
debug 2025/11/23 20:57:28 cursor: 21; firstVis: 4; vl_firstVis: 4
debug 2025/11/23 20:57:29 cursor: 21; firstVis: 4; vl_firstVis: 4
debug 2025/11/23 20:57:30 cursor: 21; firstVis: 8; vl_firstVis: 8
debug 2025/11/23 20:57:46 cursor: 21; firstVis: 8; vl_firstVis: 8
debug 2025/11/23 20:57:46 cursor: 21; firstVis: 8; vl_firstVis: 8
debug 2025/11/23 20:58:01 cursor: 20; firstVis: 0; vl_firstVis: 0
debug 2025/11/23 20:58:01 cursor: 20; firstVis: 0; vl_firstVis: 0
debug 2025/11/23 20:58:02 cursor: 20; firstVis: 0; vl_firstVis: 0
debug 2025/11/23 20:58:03 cursor: 20; firstVis: 0; vl_firstVis: 0
debug 2025/11/23 20:58:05 cursor: 20; firstVis: -2; vl_firstVis: -2
debug 2025/11/23 20:58:19 cursor: 20; firstVis: -1; vl_firstVis: -1
debug 2025/11/23 20:58:22 cursor: 20; firstVis: 0; vl_firstVis: 0
debug 2025/11/23 20:59:19 cursor: 20; firstVis: 0; vl_firstVis: 0
debug 2025/11/23 20:59:19 cursor: 20; firstVis: 0; vl_firstVis: 0
debug 2025/11/23 20:59:20 cursor: 20; firstVis: 0; vl_firstVis: 0
debug 2025/11/23 20:59:20 cursor: 20; firstVis: 0; vl_firstVis: 0
debug 2025/11/23 20:59:20 cursor: 20; firstVis: 0; vl_firstVis: 0
debug 2025/11/23 20:59:20 cursor: 20; firstVis: 0; vl_firstVis: 0
debug 2025/11/23 20:59:21 cursor: 20; firstVis: 0; vl_firstVis: 0
debug 2025/11/23 20:59:21 cursor: 20; firstVis: 0; vl_firstVis: 0
debug 2025/11/23 20:59:21 cursor: 20; firstVis: 0; vl_firstVis: 0
debug 2025/11/23 20:59:22 cursor: 20; firstVis: 0; vl_firstVis: 0
debug 2025/11/23 20:59:22 cursor: 20; firstVis: 0; vl_firstVis: 0
debug 2025/11/23 20:59:26 cursor: 20; firstVis: 0; vl_firstVis: 0
debug 2025/11/23 20:59:31 cursor: 20; firstVis: 0; vl_firstVis: 0
debug 2025/11/23 20:59:37 cursor: 20; firstVis: 0; vl_firstVis: 0
debug 2025/11/23 20:59:39 cursor: 20; firstVis: 0; vl_firstVis: 0
debug 2025/11/23 20:59:43 cursor: 20; firstVis: 0; vl_firstVis: 0
debug 2025/11/23 20:59:47 cursor: 20; firstVis: 1; vl_firstVis: 1
debug 2025/11/23 20:59:52 cursor: 20; firstVis: 2; vl_firstVis: 2
debug 2025/11/23 20:59:52 cursor: 20; firstVis: 2; vl_firstVis: 2
debug 2025/11/23 20:59:52 cursor: 20; firstVis: 2; vl_firstVis: 2
debug 2025/11/23 21:01:46 cursor: 20; firstVis: 0; vl_firstVis: 0
debug 2025/11/23 21:01:46 cursor: 20; firstVis: 0; vl_firstVis: 0
debug 2025/11/23 21:01:46 cursor: 20; firstVis: 0; vl_firstVis: 0
debug 2025/11/23 21:01:46 cursor: 20; firstVis: 0; vl_firstVis: 0
debug 2025/11/23 21:01:47 cursor: 20; firstVis: 0; vl_firstVis: 0
debug 2025/11/23 21:01:48 cursor: 20; firstVis: 0; vl_firstVis: 0
debug 2025/11/23 21:01:49 cursor: 20; firstVis: 0; vl_firstVis: 0
debug 2025/11/23 21:01:50 cursor: 20; firstVis: 0; vl_firstVis: 0
debug 2025/11/23 21:01:55 cursor: 20; firstVis: 0; vl_firstVis: 0
debug 2025/11/23 21:02:00 cursor: 20; firstVis: 0; vl_firstVis: 0
debug 2025/11/23 21:02:04 cursor: 20; firstVis: 1; vl_firstVis: 1
debug 2025/11/23 21:02:05 cursor: 20; firstVis: 2; vl_firstVis: 2
debug 2025/11/23 21:02:05 cursor: 20; firstVis: 12; vl_firstVis: 12
debug 2025/11/23 21:02:11 cursor: 20; firstVis: 17; vl_firstVis: 17
debug 2025/11/23 21:02:12 cursor: 20; firstVis: 17; vl_firstVis: 17
debug 2025/11/23 21:02:13 cursor: 20; firstVis: 17; vl_firstVis: 17
debug 2025/11/23 21:02:48 cursor: 20; firstVis: 17; vl_firstVis: 17
debug 2025/11/23 21:02:50 cursor: 20; firstVis: 17; vl_firstVis: 17
debug 2025/11/23 21:02:50 cursor: 20; firstVis: 17; vl_firstVis: 17
debug 2025/11/23 21:02:50 cursor: 20; firstVis: 17; vl_firstVis: 17
debug 2025/11/23 21:02:51 cursor: 20; firstVis: 17; vl_firstVis: 17
debug 2025/11/23 21:02:51 cursor: 20; firstVis: 17; vl_firstVis: 17
debug 2025/11/23 21:02:52 cursor: 20; firstVis: 17; vl_firstVis: 17
debug 2025/11/23 21:03:43 cursor: 20; firstVis: 17; vl_firstVis: 17
debug 2025/11/23 21:03:43 cursor: 20; firstVis: 17; vl_firstVis: 17
debug 2025/11/23 21:04:00 cursor: 20; firstVis: 0; vl_firstVis: 0
debug 2025/11/23 21:04:00 cursor: 20; firstVis: 0; vl_firstVis: 0
debug 2025/11/23 21:04:01 cursor: 20; firstVis: 0; vl_firstVis: 0
debug 2025/11/23 21:04:04 cursor: 20; firstVis: 0; vl_firstVis: 0
debug 2025/11/23 21:04:27 cursor: 20; firstVis: 0; vl_firstVis: 0
debug 2025/11/23 21:04:28 cursor: 20; firstVis: 0; vl_firstVis: 0
debug 2025/11/23 21:04:29 cursor: 20; firstVis: 0; vl_firstVis: 0
debug 2025/11/23 21:04:32 cursor: 20; firstVis: 0; vl_firstVis: 0
debug 2025/11/23 21:05:31 cursor: 0; firstVis: 0; vl_firstVis: 0
debug 2025/11/23 21:05:36 cursor: 20; firstVis: 0; vl_firstVis: 0
debug 2025/11/23 21:05:37 cursor: 20; firstVis: 0; vl_firstVis: 0
debug 2025/11/23 21:05:37 cursor: 20; firstVis: 0; vl_firstVis: 0
debug 2025/11/23 21:05:38 cursor: 20; firstVis: 0; vl_firstVis: 0
debug 2025/11/23 21:05:41 cursor: 20; firstVis: 0; vl_firstVis: 0
debug 2025/11/23 21:06:15 cursor: 0; firstVis: 0; vl_firstVis: 0
debug 2025/11/23 21:06:22 cursor: 20; firstVis: 0; vl_firstVis: 0
debug 2025/11/23 21:06:22 cursor: 20; firstVis: 0; vl_firstVis: 0
debug 2025/11/23 21:06:22 cursor: 20; firstVis: 0; vl_firstVis: 0
debug 2025/11/23 21:06:23 cursor: 20; firstVis: 0; vl_firstVis: 0
debug 2025/11/23 21:06:24 cursor: 20; firstVis: 0; vl_firstVis: 0
debug 2025/11/23 21:06:27 cursor: 20; firstVis: -1; vl_firstVis: -1
debug 2025/11/23 21:06:30 cursor: 20; firstVis: 0; vl_firstVis: 0
debug 2025/11/23 21:06:35 cursor: 20; firstVis: 1; vl_firstVis: 1
debug 2025/11/23 21:06:35 cursor: 20; firstVis: 1; vl_firstVis: 1
debug 2025/11/23 21:06:36 cursor: 20; firstVis: 1; vl_firstVis: 1
debug 2025/11/23 21:06:37 cursor: 20; firstVis: 1; vl_firstVis: 1
debug 2025/11/23 21:06:41 cursor: 20; firstVis: 0; vl_firstVis: 0
debug 2025/11/23 21:06:41 cursor: 20; firstVis: 0; vl_firstVis: 0
debug 2025/11/23 21:06:41 cursor: 20; firstVis: 0; vl_firstVis: 0
debug 2025/11/23 21:06:42 cursor: 20; firstVis: 0; vl_firstVis: 0
debug 2025/11/23 21:06:46 cursor: 20; firstVis: 0; vl_firstVis: 0
debug 2025/11/23 21:07:07 cursor: 20; firstVis: -1; vl_firstVis: -1
debug 2025/11/23 21:07:07 cursor: 20; firstVis: -1; vl_firstVis: -1
debug 2025/11/23 21:07:08 cursor: 20; firstVis: -1; vl_firstVis: -1
debug 2025/11/23 21:07:10 cursor: 20; firstVis: -1; vl_firstVis: -1
debug 2025/11/23 21:07:11 cursor: 20; firstVis: -1; vl_firstVis: -1
debug 2025/11/23 21:07:13 cursor: 20; firstVis: -1; vl_firstVis: -1
debug 2025/11/23 21:08:16 cursor: 20; firstVis: 2; vl_firstVis: 2
debug 2025/11/23 21:08:18 cursor: 20; firstVis: 0; vl_firstVis: 0
debug 2025/11/23 21:08:18 cursor: 20; firstVis: -2; vl_firstVis: -2
debug 2025/11/23 21:08:18 cursor: 20; firstVis: -3; vl_firstVis: -3
debug 2025/11/23 21:08:19 cursor: 20; firstVis: -2; vl_firstVis: -2
debug 2025/11/23 21:08:20 cursor: 20; firstVis: -1; vl_firstVis: -1
debug 2025/11/23 21:08:21 cursor: 20; firstVis: 0; vl_firstVis: 0
debug 2025/11/23 21:08:23 cursor: 20; firstVis: 1; vl_firstVis: 1
debug 2025/11/23 21:08:23 cursor: 20; firstVis: 1; vl_firstVis: 1
debug 2025/11/23 21:08:39 cursor: 20; firstVis: 1; vl_firstVis: 1
debug 2025/11/23 21:08:42 cursor: 20; firstVis: 1; vl_firstVis: 1
debug 2025/11/23 21:08:42 cursor: 20; firstVis: 1; vl_firstVis: 1
debug 2025/11/23 21:08:52 cursor: 20; firstVis: 0; vl_firstVis: 0
debug 2025/11/23 21:08:53 cursor: 20; firstVis: 0; vl_firstVis: 0
debug 2025/11/23 21:08:54 cursor: 20; firstVis: 0; vl_firstVis: 0
debug 2025/11/23 21:08:56 cursor: 20; firstVis: 0; vl_firstVis: 0
debug 2025/11/23 21:08:57 cursor: 20; firstVis: -2; vl_firstVis: -2
debug 2025/11/23 21:09:01 cursor: 20; firstVis: -1; vl_firstVis: -1
debug 2025/11/23 21:09:03 cursor: 20; firstVis: 0; vl_firstVis: 0
debug 2025/11/23 21:09:06 cursor: 20; firstVis: 1; vl_firstVis: 1
debug 2025/11/23 21:09:08 cursor: 20; firstVis: 2; vl_firstVis: 2
debug 2025/11/23 21:09:08 cursor: 20; firstVis: 0; vl_firstVis: 0
debug 2025/11/23 21:09:08 cursor: 20; firstVis: -1; vl_firstVis: -1
debug 2025/11/23 21:10:17 cursor: 20; firstVis: 1; vl_firstVis: 1
debug 2025/11/23 21:10:18 cursor: 20; firstVis: -2; vl_firstVis: -2
debug 2025/11/23 21:10:19 cursor: 20; firstVis: -1; vl_firstVis: -1
debug 2025/11/23 21:10:22 cursor: 20; firstVis: 0; vl_firstVis: 0
debug 2025/11/23 21:10:24 cursor: 20; firstVis: 1; vl_firstVis: 1
debug 2025/11/23 21:10:25 cursor: 20; firstVis: 2; vl_firstVis: 2
debug 2025/11/23 21:10:26 cursor: 20; firstVis: 3; vl_firstVis: 3
debug 2025/11/23 21:10:26 cursor: 20; firstVis: 4; vl_firstVis: 4
debug 2025/11/23 21:10:26 cursor: 20; firstVis: 2; vl_firstVis: 2
debug 2025/11/23 21:10:27 cursor: 20; firstVis: 1; vl_firstVis: 1
debug 2025/11/23 21:10:27 cursor: 20; firstVis: 0; vl_firstVis: 0
debug 2025/11/23 21:10:27 cursor: 20; firstVis: -1; vl_firstVis: -1
debug 2025/11/23 21:10:28 cursor: 20; firstVis: -2; vl_firstVis: -2
debug 2025/11/23 21:10:28 cursor: 20; firstVis: -3; vl_firstVis: -3
debug 2025/11/23 21:10:29 cursor: 20; firstVis: -1; vl_firstVis: -1
debug 2025/11/23 21:10:29 cursor: 20; firstVis: 1; vl_firstVis: 1
debug 2025/11/23 21:10:29 cursor: 20; firstVis: 2; vl_firstVis: 2
debug 2025/11/23 21:10:29 cursor: 20; firstVis: 3; vl_firstVis: 3
debug 2025/11/23 21:10:29 cursor: 20; firstVis: 4; vl_firstVis: 4
debug 2025/11/23 21:10:30 cursor: 20; firstVis: 5; vl_firstVis: 5
debug 2025/11/23 21:10:30 cursor: 20; firstVis: 3; vl_firstVis: 3
debug 2025/11/23 21:10:30 cursor: 20; firstVis: 3; vl_firstVis: 3
debug 2025/11/23 21:10:30 cursor: 20; firstVis: 3; vl_firstVis: 3
debug 2025/11/23 21:10:30 cursor: 20; firstVis: 3; vl_firstVis: 3
debug 2025/11/23 21:10:31 cursor: 20; firstVis: 3; vl_firstVis: 3
debug 2025/11/23 21:10:31 cursor: 20; firstVis: 0; vl_firstVis: 0
debug 2025/11/23 21:10:32 cursor: 20; firstVis: 2; vl_firstVis: 2
debug 2025/11/23 21:10:33 cursor: 20; firstVis: 4; vl_firstVis: 4
debug 2025/11/23 21:10:33 cursor: 20; firstVis: 3; vl_firstVis: 3
debug 2025/11/23 21:10:33 cursor: 20; firstVis: 1; vl_firstVis: 1
debug 2025/11/23 21:10:34 cursor: 20; firstVis: 0; vl_firstVis: 0
debug 2025/11/23 21:10:34 cursor: 20; firstVis: -1; vl_firstVis: -1
debug 2025/11/23 21:10:35 cursor: 20; firstVis: -2; vl_firstVis: -2
debug 2025/11/23 21:10:35 cursor: 20; firstVis: -3; vl_firstVis: -3
debug 2025/11/23 21:10:35 cursor: 20; firstVis: 2; vl_firstVis: 2
debug 2025/11/23 21:10:36 cursor: 20; firstVis: 7; vl_firstVis: 7
debug 2025/11/23 21:10:37 cursor: 20; firstVis: 8; vl_firstVis: 8
debug 2025/11/23 21:10:37 cursor: 20; firstVis: 6; vl_firstVis: 6
debug 2025/11/23 21:10:38 cursor: 20; firstVis: 6; vl_firstVis: 6
debug 2025/11/23 21:10:38 cursor: 20; firstVis: 6; vl_firstVis: 6
debug 2025/11/23 21:10:39 cursor: 20; firstVis: 6; vl_firstVis: 6
debug 2025/11/23 21:10:39 cursor: 20; firstVis: 6; vl_firstVis: 6
debug 2025/11/23 21:10:39 cursor: 20; firstVis: 6; vl_firstVis: 6
debug 2025/11/23 21:10:40 cursor: 20; firstVis: 4; vl_firstVis: 4
debug 2025/11/23 21:10:40 cursor: 20; firstVis: 5; vl_firstVis: 5
debug 2025/11/23 21:10:40 cursor: 20; firstVis: 4; vl_firstVis: 4
debug 2025/11/23 21:10:41 cursor: 20; firstVis: 3; vl_firstVis: 3
debug 2025/11/23 21:10:41 cursor: 20; firstVis: 2; vl_firstVis: 2
debug 2025/11/23 21:10:41 cursor: 20; firstVis: 1; vl_firstVis: 1
debug 2025/11/23 21:10:41 cursor: 20; firstVis: 0; vl_firstVis: 0
debug 2025/11/23 21:10:42 cursor: 20; firstVis: -1; vl_firstVis: -1
debug 2025/11/23 21:10:43 cursor: 20; firstVis: -3; vl_firstVis: -3
debug 2025/11/23 21:10:43 cursor: 20; firstVis: -5; vl_firstVis: -5
debug 2025/11/23 21:10:44 cursor: 20; firstVis: -3; vl_firstVis: -3
debug 2025/11/23 21:10:44 cursor: 20; firstVis: -2; vl_firstVis: -2
debug 2025/11/23 21:10:47 cursor: 20; firstVis: -1; vl_firstVis: -1
debug 2025/11/23 21:10:51 cursor: 20; firstVis: 0; vl_firstVis: 0
debug 2025/11/23 21:10:53 cursor: 20; firstVis: 1; vl_firstVis: 1
debug 2025/11/23 21:10:54 cursor: 20; firstVis: -2; vl_firstVis: -2
debug 2025/11/23 21:10:54 cursor: 20; firstVis: -2; vl_firstVis: -2
debug 2025/11/23 21:10:54 cursor: 20; firstVis: -2; vl_firstVis: -2
debug 2025/11/23 21:10:54 cursor: 20; firstVis: -2; vl_firstVis: -2
debug 2025/11/23 21:10:55 cursor: 20; firstVis: -2; vl_firstVis: -2
debug 2025/11/23 21:10:55 cursor: 20; firstVis: -5; vl_firstVis: -5
debug 2025/11/23 21:10:56 cursor: 20; firstVis: -4; vl_firstVis: -4
debug 2025/11/23 21:10:57 cursor: 20; firstVis: -3; vl_firstVis: -3
debug 2025/11/23 21:10:58 cursor: 20; firstVis: -2; vl_firstVis: -2
debug 2025/11/23 21:11:02 cursor: 20; firstVis: -1; vl_firstVis: -1
debug 2025/11/23 21:11:18 cursor: 20; firstVis: 0; vl_firstVis: 0
debug 2025/11/23 21:11:19 cursor: 20; firstVis: -1; vl_firstVis: -1
debug 2025/11/23 21:11:20 cursor: 20; firstVis: 0; vl_firstVis: 0
debug 2025/11/23 21:11:47 cursor: 0; firstVis: 0; vl_firstVis: 0
debug 2025/11/23 21:11:53 cursor: 20; firstVis: 0; vl_firstVis: 0
debug 2025/11/23 21:11:53 cursor: 20; firstVis: 0; vl_firstVis: 0
debug 2025/11/23 21:11:53 cursor: 20; firstVis: 0; vl_firstVis: 0
debug 2025/11/23 21:11:53 cursor: 20; firstVis: 0; vl_firstVis: 0
debug 2025/11/23 21:11:54 cursor: 20; firstVis: 0; vl_firstVis: 0
debug 2025/11/23 21:11:54 cursor: 20; firstVis: 0; vl_firstVis: 0
debug 2025/11/23 21:11:55 cursor: 20; firstVis: -4; vl_firstVis: -4
debug 2025/11/23 21:11:56 cursor: 20; firstVis: -3; vl_firstVis: -3
debug 2025/11/23 21:11:57 cursor: 20; firstVis: -2; vl_firstVis: -2
debug 2025/11/23 21:12:12 cursor: 20; firstVis: -1; vl_firstVis: -1
debug 2025/11/23 21:12:21 cursor: 20; firstVis: 0; vl_firstVis: 0
debug 2025/11/23 21:12:21 cursor: 20; firstVis: 0; vl_firstVis: 0
debug 2025/11/23 21:12:21 cursor: 20; firstVis: 0; vl_firstVis: 0
debug 2025/11/23 21:12:22 cursor: 20; firstVis: -2; vl_firstVis: -2
debug 2025/11/23 21:12:22 cursor: 20; firstVis: -1; vl_firstVis: -1
debug 2025/11/23 21:12:23 cursor: 20; firstVis: 0; vl_firstVis: 0
debug 2025/11/23 21:12:23 cursor: 20; firstVis: 1; vl_firstVis: 1
debug 2025/11/23 21:12:26 cursor: 20; firstVis: 2; vl_firstVis: 2
debug 2025/11/23 21:12:26 cursor: 20; firstVis: 3; vl_firstVis: 3
debug 2025/11/23 21:12:38 cursor: 18; firstVis: 5; vl_firstVis: 5
debug 2025/11/23 21:12:40 cursor: 18; firstVis: 3; vl_firstVis: 3
debug 2025/11/23 21:12:41 cursor: 18; firstVis: 4; vl_firstVis: 4
debug 2025/11/23 21:12:42 cursor: 18; firstVis: 5; vl_firstVis: 5
debug 2025/11/23 21:12:42 cursor: 18; firstVis: 6; vl_firstVis: 6
debug 2025/11/23 21:12:43 cursor: 18; firstVis: 7; vl_firstVis: 7
debug 2025/11/23 21:12:43 cursor: 18; firstVis: 7; vl_firstVis: 7
debug 2025/11/23 21:12:43 cursor: 18; firstVis: 7; vl_firstVis: 7
debug 2025/11/23 21:12:43 cursor: 18; firstVis: 7; vl_firstVis: 7
debug 2025/11/23 21:12:44 cursor: 18; firstVis: 7; vl_firstVis: 7
debug 2025/11/23 21:12:44 cursor: 18; firstVis: 5; vl_firstVis: 5
debug 2025/11/23 21:12:44 cursor: 18; firstVis: 7; vl_firstVis: 7
debug 2025/11/23 21:12:45 cursor: 18; firstVis: 8; vl_firstVis: 8
debug 2025/11/23 21:12:45 cursor: 18; firstVis: 10; vl_firstVis: 10
debug 2025/11/23 21:12:45 cursor: 18; firstVis: 11; vl_firstVis: 11
debug 2025/11/23 21:12:46 cursor: 18; firstVis: 12; vl_firstVis: 12
debug 2025/11/23 21:12:46 cursor: 18; firstVis: 12; vl_firstVis: 12
debug 2025/11/23 21:12:46 cursor: 18; firstVis: 12; vl_firstVis: 12
debug 2025/11/23 21:12:47 cursor: 18; firstVis: 12; vl_firstVis: 12
debug 2025/11/23 21:12:47 cursor: 18; firstVis: 12; vl_firstVis: 12
debug 2025/11/23 21:12:47 cursor: 18; firstVis: 12; vl_firstVis: 12
debug 2025/11/23 21:12:47 cursor: 18; firstVis: 12; vl_firstVis: 12
debug 2025/11/23 21:12:48 cursor: 18; firstVis: 12; vl_firstVis: 12
debug 2025/11/23 21:12:48 cursor: 18; firstVis: 12; vl_firstVis: 12
debug 2025/11/23 21:12:48 cursor: 18; firstVis: 11; vl_firstVis: 11
debug 2025/11/23 21:12:48 cursor: 18; firstVis: 13; vl_firstVis: 13
debug 2025/11/23 21:12:49 cursor: 18; firstVis: 15; vl_firstVis: 15
debug 2025/11/23 21:12:49 cursor: 18; firstVis: 17; vl_firstVis: 17
debug 2025/11/23 21:12:49 cursor: 18; firstVis: 18; vl_firstVis: 18
debug 2025/11/23 21:12:50 cursor: 18; firstVis: 17; vl_firstVis: 17
debug 2025/11/23 21:12:50 cursor: 18; firstVis: 17; vl_firstVis: 17
debug 2025/11/23 21:12:50 cursor: 18; firstVis: 17; vl_firstVis: 17
debug 2025/11/23 21:12:51 cursor: 18; firstVis: 17; vl_firstVis: 17
debug 2025/11/23 21:12:51 cursor: 18; firstVis: 17; vl_firstVis: 17
debug 2025/11/23 21:12:51 cursor: 18; firstVis: 17; vl_firstVis: 17
debug 2025/11/23 21:12:52 cursor: 18; firstVis: 17; vl_firstVis: 17
debug 2025/11/23 21:12:52 cursor: 18; firstVis: 17; vl_firstVis: 17
debug 2025/11/23 21:12:52 cursor: 18; firstVis: 17; vl_firstVis: 17
debug 2025/11/23 21:12:56 cursor: 18; firstVis: 15; vl_firstVis: 15
debug 2025/11/23 21:12:56 cursor: 18; firstVis: 15; vl_firstVis: 15
debug 2025/11/23 21:12:56 cursor: 18; firstVis: 15; vl_firstVis: 15
debug 2025/11/23 21:12:57 cursor: 18; firstVis: 15; vl_firstVis: 15
debug 2025/11/23 21:12:58 cursor: 18; firstVis: 15; vl_firstVis: 15
debug 2025/11/23 21:12:58 cursor: 18; firstVis: 15; vl_firstVis: 15
debug 2025/11/23 21:13:00 cursor: 18; firstVis: 15; vl_firstVis: 15
debug 2025/11/23 21:13:09 cursor: 18; firstVis: 13; vl_firstVis: 13
debug 2025/11/23 21:13:09 cursor: 18; firstVis: 14; vl_firstVis: 14
debug 2025/11/23 21:13:09 cursor: 18; firstVis: 15; vl_firstVis: 15
debug 2025/11/23 21:13:10 cursor: 18; firstVis: 16; vl_firstVis: 16
debug 2025/11/23 21:13:10 cursor: 18; firstVis: 14; vl_firstVis: 14
debug 2025/11/23 21:13:10 cursor: 18; firstVis: 13; vl_firstVis: 13
debug 2025/11/23 21:13:11 cursor: 18; firstVis: 11; vl_firstVis: 11
debug 2025/11/23 21:13:11 cursor: 18; firstVis: 9; vl_firstVis: 9
debug 2025/11/23 21:13:12 cursor: 18; firstVis: 7; vl_firstVis: 7
debug 2025/11/23 21:13:12 cursor: 18; firstVis: 6; vl_firstVis: 6
debug 2025/11/23 21:13:13 cursor: 18; firstVis: 6; vl_firstVis: 6
debug 2025/11/23 21:13:13 cursor: 18; firstVis: 6; vl_firstVis: 6
debug 2025/11/23 21:13:13 cursor: 18; firstVis: 6; vl_firstVis: 6
debug 2025/11/23 21:13:13 cursor: 18; firstVis: 6; vl_firstVis: 6
debug 2025/11/23 21:13:15 cursor: 18; firstVis: 4; vl_firstVis: 4
debug 2025/11/23 21:13:20 cursor: 13; firstVis: 4; vl_firstVis: 4
debug 2025/11/23 21:13:20 cursor: 13; firstVis: 4; vl_firstVis: 4
debug 2025/11/23 21:13:21 cursor: 13; firstVis: 4; vl_firstVis: 4
debug 2025/11/23 21:13:21 cursor: 13; firstVis: 4; vl_firstVis: 4
debug 2025/11/23 21:13:21 cursor: 13; firstVis: 4; vl_firstVis: 4
debug 2025/11/23 21:13:21 cursor: 13; firstVis: 4; vl_firstVis: 4
debug 2025/11/23 21:13:22 cursor: 13; firstVis: 4; vl_firstVis: 4
debug 2025/11/23 21:13:22 cursor: 13; firstVis: 4; vl_firstVis: 4
debug 2025/11/23 21:13:22 cursor: 13; firstVis: 2; vl_firstVis: 2
debug 2025/11/23 21:13:25 cursor: 13; firstVis: 3; vl_firstVis: 3
debug 2025/11/23 21:13:25 cursor: 13; firstVis: 4; vl_firstVis: 4
debug 2025/11/23 21:13:25 cursor: 13; firstVis: 4; vl_firstVis: 4
debug 2025/11/23 21:13:26 cursor: 13; firstVis: 4; vl_firstVis: 4
debug 2025/11/23 21:13:27 cursor: 13; firstVis: 4; vl_firstVis: 4
debug 2025/11/23 21:13:27 cursor: 13; firstVis: 3; vl_firstVis: 3
debug 2025/11/23 21:13:28 cursor: 13; firstVis: 4; vl_firstVis: 4
debug 2025/11/23 21:13:28 cursor: 13; firstVis: 4; vl_firstVis: 4
debug 2025/11/23 21:13:28 cursor: 13; firstVis: 4; vl_firstVis: 4
debug 2025/11/23 21:13:29 cursor: 13; firstVis: 4; vl_firstVis: 4
debug 2025/11/23 21:13:29 cursor: 13; firstVis: 4; vl_firstVis: 4
debug 2025/11/23 21:13:29 cursor: 13; firstVis: 4; vl_firstVis: 4
debug 2025/11/23 21:13:46 cursor: 13; firstVis: 4; vl_firstVis: 4
debug 2025/11/23 21:13:46 cursor: 13; firstVis: 4; vl_firstVis: 4
debug 2025/11/23 21:13:56 cursor: 20; firstVis: 0; vl_firstVis: 0
debug 2025/11/23 21:13:57 cursor: 20; firstVis: -2; vl_firstVis: -2
debug 2025/11/23 21:13:58 cursor: 20; firstVis: -1; vl_firstVis: -1
debug 2025/11/23 21:13:59 cursor: 20; firstVis: 0; vl_firstVis: 0
debug 2025/11/23 21:14:00 cursor: 20; firstVis: 1; vl_firstVis: 1
debug 2025/11/23 21:14:01 cursor: 20; firstVis: 2; vl_firstVis: 2
debug 2025/11/23 21:14:01 cursor: 20; firstVis: 3; vl_firstVis: 3
debug 2025/11/23 21:14:02 cursor: 20; firstVis: 4; vl_firstVis: 4
debug 2025/11/23 21:14:02 cursor: 20; firstVis: 3; vl_firstVis: 3
debug 2025/11/23 21:14:03 cursor: 20; firstVis: 2; vl_firstVis: 2
debug 2025/11/23 21:14:03 cursor: 20; firstVis: 1; vl_firstVis: 1
debug 2025/11/23 21:14:03 cursor: 20; firstVis: 0; vl_firstVis: 0
debug 2025/11/23 21:14:04 cursor: 20; firstVis: -2; vl_firstVis: -2
debug 2025/11/23 21:14:04 cursor: 20; firstVis: -3; vl_firstVis: -3
debug 2025/11/23 21:14:04 cursor: 20; firstVis: -4; vl_firstVis: -4
debug 2025/11/23 21:14:05 cursor: 20; firstVis: -2; vl_firstVis: -2
debug 2025/11/23 21:14:05 cursor: 20; firstVis: -1; vl_firstVis: -1
debug 2025/11/23 21:14:05 cursor: 20; firstVis: 1; vl_firstVis: 1
debug 2025/11/23 21:14:05 cursor: 20; firstVis: 2; vl_firstVis: 2
debug 2025/11/23 21:14:05 cursor: 20; firstVis: 3; vl_firstVis: 3
debug 2025/11/23 21:14:06 cursor: 20; firstVis: 5; vl_firstVis: 5
debug 2025/11/23 21:14:06 cursor: 20; firstVis: 7; vl_firstVis: 7
debug 2025/11/23 21:14:06 cursor: 20; firstVis: 8; vl_firstVis: 8
debug 2025/11/23 21:14:07 cursor: 20; firstVis: 7; vl_firstVis: 7
debug 2025/11/23 21:14:07 cursor: 20; firstVis: 7; vl_firstVis: 7
debug 2025/11/23 21:14:11 cursor: 16; firstVis: 7; vl_firstVis: 7
debug 2025/11/23 21:14:11 cursor: 16; firstVis: 7; vl_firstVis: 7
debug 2025/11/23 21:14:11 cursor: 16; firstVis: 7; vl_firstVis: 7
debug 2025/11/23 21:14:12 cursor: 16; firstVis: 7; vl_firstVis: 7
debug 2025/11/23 21:14:12 cursor: 16; firstVis: 2; vl_firstVis: 2
debug 2025/11/23 21:14:13 cursor: 16; firstVis: 3; vl_firstVis: 3
debug 2025/11/23 21:14:13 cursor: 16; firstVis: 4; vl_firstVis: 4
debug 2025/11/23 21:14:14 cursor: 16; firstVis: 5; vl_firstVis: 5
debug 2025/11/23 21:14:14 cursor: 16; firstVis: 2; vl_firstVis: 2
debug 2025/11/23 21:15:00 cursor: 9; firstVis: 0; vl_firstVis: 0
debug 2025/11/23 21:15:00 cursor: 9; firstVis: 0; vl_firstVis: 0
debug 2025/11/23 21:15:01 cursor: 9; firstVis: 0; vl_firstVis: 0
debug 2025/11/23 21:15:01 cursor: 9; firstVis: 0; vl_firstVis: 0
debug 2025/11/23 21:15:01 cursor: 9; firstVis: 0; vl_firstVis: 0
debug 2025/11/23 21:15:01 cursor: 9; firstVis: -2; vl_firstVis: -2
debug 2025/11/23 21:15:02 cursor: 9; firstVis: -1; vl_firstVis: -1
debug 2025/11/23 21:15:02 cursor: 9; firstVis: 1; vl_firstVis: 1
debug 2025/11/23 21:15:03 cursor: 9; firstVis: 2; vl_firstVis: 2
debug 2025/11/23 21:15:03 cursor: 9; firstVis: 3; vl_firstVis: 3
debug 2025/11/23 21:15:03 cursor: 9; firstVis: 4; vl_firstVis: 4
debug 2025/11/23 21:15:03 cursor: 9; firstVis: 5; vl_firstVis: 5
debug 2025/11/23 21:15:04 cursor: 9; firstVis: 4; vl_firstVis: 4
debug 2025/11/23 21:15:04 cursor: 9; firstVis: 2; vl_firstVis: 2
debug 2025/11/23 21:15:04 cursor: 9; firstVis: 2; vl_firstVis: 2
debug 2025/11/23 21:15:04 cursor: 9; firstVis: 2; vl_firstVis: 2
debug 2025/11/23 21:15:05 cursor: 9; firstVis: 2; vl_firstVis: 2
debug 2025/11/23 21:15:06 cursor: 9; firstVis: 2; vl_firstVis: 2
debug 2025/11/23 21:15:06 cursor: 9; firstVis: 2; vl_firstVis: 2
debug 2025/11/23 21:15:06 cursor: 9; firstVis: 2; vl_firstVis: 2
debug 2025/11/23 21:15:06 cursor: 9; firstVis: 2; vl_firstVis: 2
debug 2025/11/23 21:15:07 cursor: 9; firstVis: 2; vl_firstVis: 2
debug 2025/11/23 21:15:07 cursor: 9; firstVis: 2; vl_firstVis: 2
debug 2025/11/23 21:15:08 cursor: 9; firstVis: 2; vl_firstVis: 2
debug 2025/11/23 21:15:08 cursor: 9; firstVis: 2; vl_firstVis: 2
debug 2025/11/23 21:15:16 cursor: 21; firstVis: 1; vl_firstVis: 1
debug 2025/11/23 21:15:17 cursor: 21; firstVis: 1; vl_firstVis: 1
debug 2025/11/23 21:15:17 cursor: 21; firstVis: 2; vl_firstVis: 2
debug 2025/11/23 21:15:17 cursor: 21; firstVis: 4; vl_firstVis: 4
debug 2025/11/23 21:15:18 cursor: 21; firstVis: 6; vl_firstVis: 6
debug 2025/11/23 21:15:18 cursor: 21; firstVis: 8; vl_firstVis: 8
debug 2025/11/23 21:15:18 cursor: 21; firstVis: 10; vl_firstVis: 10
debug 2025/11/23 21:15:19 cursor: 21; firstVis: 13; vl_firstVis: 13
debug 2025/11/23 21:15:19 cursor: 21; firstVis: 13; vl_firstVis: 13
debug 2025/11/23 21:15:31 cursor: 7; firstVis: 4; vl_firstVis: 4
debug 2025/11/23 21:15:31 cursor: 7; firstVis: 4; vl_firstVis: 4
debug 2025/11/23 21:15:31 cursor: 7; firstVis: 4; vl_firstVis: 4
debug 2025/11/23 21:15:32 cursor: 7; firstVis: 4; vl_firstVis: 4
debug 2025/11/23 21:15:32 cursor: 7; firstVis: 4; vl_firstVis: 4
debug 2025/11/23 21:15:32 cursor: 7; firstVis: 4; vl_firstVis: 4
debug 2025/11/23 21:15:32 cursor: 7; firstVis: 4; vl_firstVis: 4
debug 2025/11/23 21:15:33 cursor: 7; firstVis: 4; vl_firstVis: 4
debug 2025/11/23 21:15:33 cursor: 7; firstVis: 4; vl_firstVis: 4
debug 2025/11/23 21:15:34 cursor: 7; firstVis: 4; vl_firstVis: 4
debug 2025/11/23 21:15:36 cursor: 7; firstVis: 4; vl_firstVis: 4
debug 2025/11/23 21:15:37 cursor: 7; firstVis: 3; vl_firstVis: 3
debug 2025/11/23 21:15:37 cursor: 7; firstVis: 5; vl_firstVis: 5
debug 2025/11/23 21:15:38 cursor: 7; firstVis: 3; vl_firstVis: 3
debug 2025/11/23 21:15:38 cursor: 7; firstVis: 4; vl_firstVis: 4
debug 2025/11/23 21:15:38 cursor: 7; firstVis: 5; vl_firstVis: 5
debug 2025/11/23 21:15:38 cursor: 7; firstVis: 6; vl_firstVis: 6
debug 2025/11/23 21:15:40 cursor: 7; firstVis: 7; vl_firstVis: 7
debug 2025/11/23 21:15:40 cursor: 7; firstVis: 7; vl_firstVis: 7
debug 2025/11/23 21:15:41 cursor: 7; firstVis: 7; vl_firstVis: 7
debug 2025/11/23 21:15:41 cursor: 7; firstVis: 7; vl_firstVis: 7
debug 2025/11/23 21:15:41 cursor: 7; firstVis: 7; vl_firstVis: 7
debug 2025/11/23 21:15:42 cursor: 7; firstVis: 7; vl_firstVis: 7
debug 2025/11/23 21:15:42 cursor: 7; firstVis: 7; vl_firstVis: 7
debug 2025/11/23 21:15:42 cursor: 7; firstVis: 7; vl_firstVis: 7
debug 2025/11/23 21:15:43 cursor: 7; firstVis: 7; vl_firstVis: 7
debug 2025/11/23 21:15:43 cursor: 7; firstVis: 7; vl_firstVis: 7
debug 2025/11/23 21:15:44 cursor: 7; firstVis: 7; vl_firstVis: 7
debug 2025/11/23 21:15:44 cursor: 7; firstVis: 7; vl_firstVis: 7
debug 2025/11/23 21:15:45 cursor: 7; firstVis: 6; vl_firstVis: 6
debug 2025/11/23 21:15:45 cursor: 7; firstVis: 4; vl_firstVis: 4
debug 2025/11/23 21:15:45 cursor: 7; firstVis: 2; vl_firstVis: 2
debug 2025/11/23 21:15:45 cursor: 7; firstVis: 3; vl_firstVis: 3
debug 2025/11/23 21:15:46 cursor: 7; firstVis: 5; vl_firstVis: 5
debug 2025/11/23 21:15:46 cursor: 7; firstVis: 7; vl_firstVis: 7
debug 2025/11/23 21:15:47 cursor: 7; firstVis: 7; vl_firstVis: 7
debug 2025/11/23 21:15:47 cursor: 7; firstVis: 7; vl_firstVis: 7
debug 2025/11/23 21:15:47 cursor: 7; firstVis: 7; vl_firstVis: 7
debug 2025/11/23 21:15:47 cursor: 7; firstVis: 7; vl_firstVis: 7
debug 2025/11/23 21:15:48 cursor: 7; firstVis: 7; vl_firstVis: 7
debug 2025/11/23 21:15:48 cursor: 7; firstVis: 7; vl_firstVis: 7
debug 2025/11/23 21:15:48 cursor: 7; firstVis: 7; vl_firstVis: 7
debug 2025/11/23 21:15:49 cursor: 7; firstVis: 7; vl_firstVis: 7
debug 2025/11/23 21:15:49 cursor: 7; firstVis: 5; vl_firstVis: 5
debug 2025/11/23 21:15:51 cursor: 7; firstVis: 6; vl_firstVis: 6
debug 2025/11/23 21:15:51 cursor: 7; firstVis: 6; vl_firstVis: 6
debug 2025/11/23 21:15:51 cursor: 7; firstVis: 6; vl_firstVis: 6
debug 2025/11/23 21:15:51 cursor: 7; firstVis: 6; vl_firstVis: 6
debug 2025/11/23 21:15:52 cursor: 7; firstVis: 6; vl_firstVis: 6
debug 2025/11/23 21:15:52 cursor: 7; firstVis: 6; vl_firstVis: 6
debug 2025/11/23 21:15:52 cursor: 7; firstVis: 6; vl_firstVis: 6
debug 2025/11/23 21:15:53 cursor: 7; firstVis: 6; vl_firstVis: 6
debug 2025/11/23 21:16:03 cursor: 0; firstVis: 0; vl_firstVis: 0
debug 2025/11/23 21:16:03 cursor: 0; firstVis: 0; vl_firstVis: 0
debug 2025/11/23 21:16:04 cursor: 0; firstVis: 0; vl_firstVis: 0
debug 2025/11/23 21:16:04 cursor: 0; firstVis: 0; vl_firstVis: 0
debug 2025/11/23 21:16:05 cursor: 0; firstVis: 0; vl_firstVis: 0
debug 2025/11/23 21:16:05 cursor: 0; firstVis: 0; vl_firstVis: 0
debug 2025/11/23 21:16:06 cursor: 0; firstVis: 0; vl_firstVis: 0
debug 2025/11/23 21:16:07 cursor: 0; firstVis: 0; vl_firstVis: 0
debug 2025/11/23 21:16:07 cursor: 0; firstVis: -2; vl_firstVis: -2
debug 2025/11/23 21:16:07 cursor: 0; firstVis: -1; vl_firstVis: -1
debug 2025/11/23 21:16:08 cursor: 0; firstVis: 0; vl_firstVis: 0
debug 2025/11/23 21:16:08 cursor: 0; firstVis: 0; vl_firstVis: 0
debug 2025/11/23 21:16:18 cursor: 0; firstVis: 0; vl_firstVis: 0
debug 2025/11/23 21:16:22 cursor: 0; firstVis: 0; vl_firstVis: 0
debug 2025/11/23 21:16:22 cursor: 0; firstVis: 0; vl_firstVis: 0
debug 2025/11/23 21:16:23 cursor: 0; firstVis: 0; vl_firstVis: 0
debug 2025/11/23 21:16:23 cursor: 0; firstVis: 0; vl_firstVis: 0
debug 2025/11/23 21:16:30 cursor: 15; firstVis: 0; vl_firstVis: 0
debug 2025/11/23 21:16:31 cursor: 15; firstVis: 0; vl_firstVis: 0
debug 2025/11/23 21:16:31 cursor: 15; firstVis: 0; vl_firstVis: 0
debug 2025/11/23 21:16:32 cursor: 15; firstVis: 0; vl_firstVis: 0
debug 2025/11/23 21:16:32 cursor: 15; firstVis: 0; vl_firstVis: 0
debug 2025/11/23 21:16:33 cursor: 15; firstVis: -2; vl_firstVis: -2
debug 2025/11/23 21:16:34 cursor: 15; firstVis: -1; vl_firstVis: -1
debug 2025/11/23 21:16:35 cursor: 15; firstVis: 0; vl_firstVis: 0
debug 2025/11/23 21:16:36 cursor: 15; firstVis: 1; vl_firstVis: 1
debug 2025/11/23 21:16:36 cursor: 15; firstVis: 2; vl_firstVis: 2
debug 2025/11/23 21:16:37 cursor: 15; firstVis: 0; vl_firstVis: 0
debug 2025/11/23 21:16:37 cursor: 15; firstVis: -2; vl_firstVis: -2
debug 2025/11/23 21:16:37 cursor: 15; firstVis: -3; vl_firstVis: -3
debug 2025/11/23 21:16:38 cursor: 15; firstVis: -4; vl_firstVis: -4
debug 2025/11/23 21:16:38 cursor: 15; firstVis: -2; vl_firstVis: -2
debug 2025/11/23 21:16:38 cursor: 15; firstVis: 2; vl_firstVis: 2
debug 2025/11/23 21:16:39 cursor: 15; firstVis: 3; vl_firstVis: 3
debug 2025/11/23 21:16:39 cursor: 15; firstVis: 5; vl_firstVis: 5
debug 2025/11/23 21:16:39 cursor: 15; firstVis: 7; vl_firstVis: 7
debug 2025/11/23 21:16:40 cursor: 15; firstVis: 8; vl_firstVis: 8
debug 2025/11/23 21:16:40 cursor: 15; firstVis: 8; vl_firstVis: 8
debug 2025/11/23 21:16:41 cursor: 15; firstVis: 8; vl_firstVis: 8
debug 2025/11/23 21:16:41 cursor: 15; firstVis: 8; vl_firstVis: 8
debug 2025/11/23 21:16:43 cursor: 15; firstVis: 8; vl_firstVis: 8
debug 2025/11/23 21:16:43 cursor: 15; firstVis: 8; vl_firstVis: 8
debug 2025/11/23 21:16:43 cursor: 15; firstVis: 8; vl_firstVis: 8
debug 2025/11/23 21:16:44 cursor: 15; firstVis: 8; vl_firstVis: 8
debug 2025/11/23 21:16:44 cursor: 15; firstVis: 6; vl_firstVis: 6
debug 2025/11/23 21:16:44 cursor: 15; firstVis: 7; vl_firstVis: 7
debug 2025/11/23 21:16:45 cursor: 15; firstVis: 8; vl_firstVis: 8
debug 2025/11/23 21:16:45 cursor: 15; firstVis: 6; vl_firstVis: 6
debug 2025/11/23 21:16:45 cursor: 15; firstVis: 5; vl_firstVis: 5
debug 2025/11/23 21:16:45 cursor: 15; firstVis: 4; vl_firstVis: 4
debug 2025/11/23 21:16:46 cursor: 15; firstVis: 2; vl_firstVis: 2
debug 2025/11/23 21:16:46 cursor: 15; firstVis: 0; vl_firstVis: 0
debug 2025/11/23 21:16:48 cursor: 15; firstVis: 0; vl_firstVis: 0
debug 2025/11/23 21:16:52 cursor: 15; firstVis: 0; vl_firstVis: 0
debug 2025/11/23 21:18:05 cursor: 15; firstVis: -2; vl_firstVis: -2
debug 2025/11/23 21:18:05 cursor: 15; firstVis: 0; vl_firstVis: 0
debug 2025/11/23 21:18:06 cursor: 15; firstVis: 1; vl_firstVis: 1
debug 2025/11/23 21:18:07 cursor: 15; firstVis: 2; vl_firstVis: 2
debug 2025/11/23 21:18:07 cursor: 15; firstVis: 4; vl_firstVis: 4
debug 2025/11/23 21:18:07 cursor: 15; firstVis: 5; vl_firstVis: 5
debug 2025/11/23 21:18:08 cursor: 15; firstVis: 6; vl_firstVis: 6
debug 2025/11/23 21:18:09 cursor: 15; firstVis: 7; vl_firstVis: 7
debug 2025/11/23 21:18:10 cursor: 15; firstVis: 5; vl_firstVis: 5
debug 2025/11/23 21:18:12 cursor: 15; firstVis: 4; vl_firstVis: 4
debug 2025/11/23 21:18:12 cursor: 15; firstVis: 2; vl_firstVis: 2
debug 2025/11/23 21:18:12 cursor: 15; firstVis: 1; vl_firstVis: 1
debug 2025/11/23 21:18:13 cursor: 15; firstVis: 0; vl_firstVis: 0
debug 2025/11/23 21:18:13 cursor: 15; firstVis: -2; vl_firstVis: -2
debug 2025/11/23 21:18:13 cursor: 15; firstVis: -3; vl_firstVis: -3
debug 2025/11/23 21:18:13 cursor: 15; firstVis: -4; vl_firstVis: -4
debug 2025/11/23 21:18:14 cursor: 15; firstVis: -5; vl_firstVis: -5
debug 2025/11/23 21:18:15 cursor: 15; firstVis: -4; vl_firstVis: -4
debug 2025/11/23 21:18:15 cursor: 15; firstVis: -2; vl_firstVis: -2
debug 2025/11/23 21:18:16 cursor: 15; firstVis: -1; vl_firstVis: -1
debug 2025/11/23 21:18:16 cursor: 15; firstVis: 1; vl_firstVis: 1
debug 2025/11/23 21:18:18 cursor: 15; firstVis: 2; vl_firstVis: 2
debug 2025/11/23 21:18:21 cursor: 15; firstVis: 1; vl_firstVis: 1
debug 2025/11/23 21:18:22 cursor: 15; firstVis: 0; vl_firstVis: 0
debug 2025/11/23 21:18:23 cursor: 15; firstVis: -1; vl_firstVis: -1
debug 2025/11/23 21:18:24 cursor: 15; firstVis: -2; vl_firstVis: -2
debug 2025/11/23 21:18:24 cursor: 15; firstVis: -3; vl_firstVis: -3
debug 2025/11/23 21:18:24 cursor: 15; firstVis: -4; vl_firstVis: -4
debug 2025/11/23 21:18:25 cursor: 15; firstVis: -5; vl_firstVis: -5
debug 2025/11/23 21:18:25 cursor: 15; firstVis: -6; vl_firstVis: -6
debug 2025/11/23 21:18:26 cursor: 15; firstVis: -7; vl_firstVis: -7
debug 2025/11/23 21:18:26 cursor: 15; firstVis: -2; vl_firstVis: -2
debug 2025/11/23 21:18:27 cursor: 15; firstVis: 1; vl_firstVis: 1
debug 2025/11/23 21:18:27 cursor: 15; firstVis: 3; vl_firstVis: 3
debug 2025/11/23 21:18:27 cursor: 15; firstVis: 5; vl_firstVis: 5
debug 2025/11/23 21:18:28 cursor: 15; firstVis: 6; vl_firstVis: 6
debug 2025/11/23 21:18:29 cursor: 15; firstVis: 7; vl_firstVis: 7
debug 2025/11/23 21:18:29 cursor: 15; firstVis: 5; vl_firstVis: 5
debug 2025/11/23 21:18:29 cursor: 15; firstVis: 4; vl_firstVis: 4
debug 2025/11/23 21:18:30 cursor: 15; firstVis: 3; vl_firstVis: 3
debug 2025/11/23 21:18:31 cursor: 15; firstVis: 2; vl_firstVis: 2
debug 2025/11/23 21:18:31 cursor: 15; firstVis: 1; vl_firstVis: 1
debug 2025/11/23 21:18:32 cursor: 15; firstVis: 0; vl_firstVis: 0
debug 2025/11/23 21:18:32 cursor: 15; firstVis: -1; vl_firstVis: -1
debug 2025/11/23 21:18:32 cursor: 15; firstVis: -3; vl_firstVis: -3
debug 2025/11/23 21:20:08 cursor: 15; firstVis: 0; vl_firstVis: 0
debug 2025/11/23 21:20:09 cursor: 15; firstVis: 0; vl_firstVis: 0
debug 2025/11/23 21:20:09 cursor: 15; firstVis: 0; vl_firstVis: 0
debug 2025/11/23 21:20:09 cursor: 15; firstVis: 0; vl_firstVis: 0
debug 2025/11/23 21:20:10 cursor: 15; firstVis: -2; vl_firstVis: -2
debug 2025/11/23 21:20:10 cursor: 15; firstVis: -1; vl_firstVis: -1
debug 2025/11/23 21:20:10 cursor: 15; firstVis: 0; vl_firstVis: 0
debug 2025/11/23 21:20:10 cursor: 15; firstVis: 1; vl_firstVis: 1
debug 2025/11/23 21:20:11 cursor: 15; firstVis: 3; vl_firstVis: 3
debug 2025/11/23 21:20:11 cursor: 15; firstVis: 4; vl_firstVis: 4
debug 2025/11/23 21:20:11 cursor: 15; firstVis: 5; vl_firstVis: 5
debug 2025/11/23 21:20:12 cursor: 15; firstVis: 6; vl_firstVis: 6
debug 2025/11/23 21:20:12 cursor: 15; firstVis: 9; vl_firstVis: 9
debug 2025/11/23 21:20:13 cursor: 15; firstVis: 9; vl_firstVis: 9
debug 2025/11/23 21:20:13 cursor: 15; firstVis: 9; vl_firstVis: 9
debug 2025/11/23 21:20:13 cursor: 15; firstVis: 9; vl_firstVis: 9
debug 2025/11/23 21:20:14 cursor: 15; firstVis: 9; vl_firstVis: 9
debug 2025/11/23 21:20:14 cursor: 15; firstVis: 9; vl_firstVis: 9
debug 2025/11/23 21:20:14 cursor: 15; firstVis: 9; vl_firstVis: 9
debug 2025/11/23 21:20:24 cursor: 21; firstVis: 9; vl_firstVis: 3
debug 2025/11/23 21:20:24 cursor: 21; firstVis: 9; vl_firstVis: 9
debug 2025/11/23 21:20:25 cursor: 21; firstVis: 9; vl_firstVis: 9
debug 2025/11/23 21:20:25 cursor: 21; firstVis: 9; vl_firstVis: 9
debug 2025/11/23 21:20:25 cursor: 21; firstVis: 7; vl_firstVis: 7
debug 2025/11/23 21:20:25 cursor: 21; firstVis: 8; vl_firstVis: 8
debug 2025/11/23 21:20:26 cursor: 21; firstVis: 9; vl_firstVis: 9
debug 2025/11/23 21:20:26 cursor: 21; firstVis: 12; vl_firstVis: 12
debug 2025/11/23 21:20:26 cursor: 21; firstVis: 13; vl_firstVis: 13
debug 2025/11/23 21:20:27 cursor: 21; firstVis: 15; vl_firstVis: 15
debug 2025/11/23 21:20:27 cursor: 21; firstVis: 14; vl_firstVis: 14
debug 2025/11/23 21:20:27 cursor: 21; firstVis: 14; vl_firstVis: 14
debug 2025/11/23 21:20:28 cursor: 21; firstVis: 14; vl_firstVis: 14
debug 2025/11/23 21:20:28 cursor: 21; firstVis: 14; vl_firstVis: 14
debug 2025/11/23 21:20:28 cursor: 21; firstVis: 14; vl_firstVis: 14
debug 2025/11/23 21:20:28 cursor: 21; firstVis: 13; vl_firstVis: 13
debug 2025/11/23 21:20:29 cursor: 21; firstVis: 15; vl_firstVis: 15
debug 2025/11/23 21:20:29 cursor: 21; firstVis: 16; vl_firstVis: 16
debug 2025/11/23 21:20:30 cursor: 21; firstVis: 15; vl_firstVis: 15
debug 2025/11/23 21:20:30 cursor: 21; firstVis: 15; vl_firstVis: 15
debug 2025/11/23 21:20:30 cursor: 21; firstVis: 15; vl_firstVis: 15
debug 2025/11/23 21:20:41 cursor: 21; firstVis: 15; vl_firstVis: 15
debug 2025/11/23 21:20:48 cursor: 9; firstVis: 0; vl_firstVis: 0
debug 2025/11/23 21:20:49 cursor: 9; firstVis: 0; vl_firstVis: 0
debug 2025/11/23 21:20:49 cursor: 9; firstVis: 0; vl_firstVis: 0
debug 2025/11/23 21:20:49 cursor: 9; firstVis: 0; vl_firstVis: 0
debug 2025/11/23 21:20:49 cursor: 9; firstVis: 0; vl_firstVis: 0
debug 2025/11/23 21:20:51 cursor: 9; firstVis: -1; vl_firstVis: -1
debug 2025/11/23 21:20:51 cursor: 9; firstVis: -1; vl_firstVis: -1
debug 2025/11/23 21:20:51 cursor: 9; firstVis: -1; vl_firstVis: -1
debug 2025/11/23 21:20:51 cursor: 9; firstVis: -1; vl_firstVis: -1
debug 2025/11/23 21:20:51 cursor: 9; firstVis: -1; vl_firstVis: -1
debug 2025/11/23 21:20:52 cursor: 9; firstVis: 0; vl_firstVis: 0
debug 2025/11/23 21:20:52 cursor: 9; firstVis: 1; vl_firstVis: 1
debug 2025/11/23 21:20:53 cursor: 9; firstVis: 3; vl_firstVis: 3
debug 2025/11/23 21:20:53 cursor: 9; firstVis: 3; vl_firstVis: 3
debug 2025/11/23 21:20:53 cursor: 9; firstVis: 3; vl_firstVis: 3
debug 2025/11/23 21:20:54 cursor: 9; firstVis: 3; vl_firstVis: 3
debug 2025/11/23 21:20:54 cursor: 9; firstVis: 3; vl_firstVis: 3
debug 2025/11/23 21:20:55 cursor: 9; firstVis: 3; vl_firstVis: 3
debug 2025/11/23 21:20:55 cursor: 9; firstVis: 3; vl_firstVis: 3
debug 2025/11/23 21:20:56 cursor: 9; firstVis: 3; vl_firstVis: 3
debug 2025/11/23 21:20:56 cursor: 9; firstVis: 3; vl_firstVis: 3
debug 2025/11/23 21:20:56 cursor: 9; firstVis: 3; vl_firstVis: 3
debug 2025/11/23 21:20:56 cursor: 9; firstVis: 3; vl_firstVis: 3
debug 2025/11/23 21:20:57 cursor: 9; firstVis: 3; vl_firstVis: 3
debug 2025/11/23 21:20:57 cursor: 9; firstVis: 3; vl_firstVis: 3
debug 2025/11/23 21:20:57 cursor: 9; firstVis: 3; vl_firstVis: 3
debug 2025/11/23 21:20:59 cursor: 9; firstVis: 3; vl_firstVis: 3
debug 2025/11/23 21:20:59 cursor: 9; firstVis: 3; vl_firstVis: 3
debug 2025/11/23 21:21:27 cursor: 12; firstVis: 0; vl_firstVis: 0
debug 2025/11/23 21:21:27 cursor: 12; firstVis: 0; vl_firstVis: 0
debug 2025/11/23 21:21:28 cursor: 12; firstVis: 0; vl_firstVis: 0
debug 2025/11/23 21:21:28 cursor: 12; firstVis: 0; vl_firstVis: 0
debug 2025/11/23 21:21:29 cursor: 12; firstVis: 0; vl_firstVis: 0
debug 2025/11/23 21:21:33 cursor: 0; firstVis: 0; vl_firstVis: 0
debug 2025/11/23 21:21:33 cursor: 0; firstVis: 0; vl_firstVis: 0
debug 2025/11/23 21:21:34 cursor: 0; firstVis: 0; vl_firstVis: 0
debug 2025/11/23 21:21:40 cursor: 19; firstVis: 8; vl_firstVis: 8
debug 2025/11/23 21:21:40 cursor: 19; firstVis: 7; vl_firstVis: 7
debug 2025/11/23 21:21:40 cursor: 19; firstVis: 8; vl_firstVis: 8
debug 2025/11/23 21:21:41 cursor: 19; firstVis: 9; vl_firstVis: 9
debug 2025/11/23 21:21:42 cursor: 19; firstVis: 10; vl_firstVis: 10
debug 2025/11/23 21:21:42 cursor: 19; firstVis: 13; vl_firstVis: 13
debug 2025/11/23 21:21:43 cursor: 19; firstVis: 14; vl_firstVis: 14
debug 2025/11/23 21:21:43 cursor: 19; firstVis: 14; vl_firstVis: 14
debug 2025/11/23 21:21:43 cursor: 19; firstVis: 14; vl_firstVis: 14
debug 2025/11/23 21:21:43 cursor: 19; firstVis: 14; vl_firstVis: 14
debug 2025/11/23 21:21:43 cursor: 19; firstVis: 14; vl_firstVis: 14
debug 2025/11/23 21:21:45 cursor: 19; firstVis: 12; vl_firstVis: 12
debug 2025/11/23 21:21:45 cursor: 19; firstVis: 12; vl_firstVis: 12
debug 2025/11/23 21:21:45 cursor: 19; firstVis: 12; vl_firstVis: 12
debug 2025/11/23 21:21:46 cursor: 19; firstVis: 11; vl_firstVis: 11
debug 2025/11/23 21:21:46 cursor: 19; firstVis: 12; vl_firstVis: 12
debug 2025/11/23 21:21:46 cursor: 19; firstVis: 13; vl_firstVis: 13
debug 2025/11/23 21:21:47 cursor: 19; firstVis: 14; vl_firstVis: 14
debug 2025/11/23 21:21:47 cursor: 19; firstVis: 14; vl_firstVis: 14
debug 2025/11/23 21:21:47 cursor: 19; firstVis: 14; vl_firstVis: 14
debug 2025/11/23 21:21:47 cursor: 19; firstVis: 14; vl_firstVis: 14
debug 2025/11/23 21:21:48 cursor: 19; firstVis: 14; vl_firstVis: 14
debug 2025/11/23 21:21:48 cursor: 19; firstVis: 14; vl_firstVis: 14
debug 2025/11/23 21:21:48 cursor: 19; firstVis: 14; vl_firstVis: 14
debug 2025/11/23 21:21:50 cursor: 19; firstVis: 12; vl_firstVis: 12
debug 2025/11/23 21:21:50 cursor: 19; firstVis: 10; vl_firstVis: 10
debug 2025/11/23 21:21:51 cursor: 19; firstVis: 8; vl_firstVis: 8
debug 2025/11/23 21:21:51 cursor: 19; firstVis: 7; vl_firstVis: 7
debug 2025/11/23 21:21:51 cursor: 19; firstVis: 8; vl_firstVis: 8
debug 2025/11/23 21:21:51 cursor: 19; firstVis: 10; vl_firstVis: 10
debug 2025/11/23 21:21:51 cursor: 19; firstVis: 12; vl_firstVis: 12
debug 2025/11/23 21:21:52 cursor: 19; firstVis: 13; vl_firstVis: 13
debug 2025/11/23 21:21:53 cursor: 19; firstVis: 14; vl_firstVis: 14
debug 2025/11/23 21:21:53 cursor: 19; firstVis: 13; vl_firstVis: 13
debug 2025/11/23 21:21:53 cursor: 19; firstVis: 11; vl_firstVis: 11
debug 2025/11/23 21:21:53 cursor: 19; firstVis: 9; vl_firstVis: 9
debug 2025/11/23 21:21:54 cursor: 19; firstVis: 8; vl_firstVis: 8
debug 2025/11/23 21:21:54 cursor: 19; firstVis: 10; vl_firstVis: 10
debug 2025/11/23 21:21:55 cursor: 19; firstVis: 16; vl_firstVis: 16
debug 2025/11/23 21:21:55 cursor: 19; firstVis: 18; vl_firstVis: 18
debug 2025/11/23 21:21:56 cursor: 19; firstVis: 19; vl_firstVis: 19
debug 2025/11/23 21:21:56 cursor: 19; firstVis: 19; vl_firstVis: 19
debug 2025/11/23 21:21:57 cursor: 19; firstVis: 19; vl_firstVis: 19
debug 2025/11/23 21:21:57 cursor: 19; firstVis: 19; vl_firstVis: 19
debug 2025/11/23 21:22:06 cursor: 19; firstVis: 12; vl_firstVis: 12
debug 2025/11/23 21:22:06 cursor: 19; firstVis: 10; vl_firstVis: 10
debug 2025/11/23 21:22:06 cursor: 19; firstVis: 14; vl_firstVis: 14
debug 2025/11/23 21:22:07 cursor: 19; firstVis: 16; vl_firstVis: 16
debug 2025/11/23 21:22:08 cursor: 19; firstVis: 19; vl_firstVis: 19
debug 2025/11/23 21:22:08 cursor: 19; firstVis: 18; vl_firstVis: 18
debug 2025/11/23 21:22:21 cursor: 5; firstVis: 6; vl_firstVis: 6
debug 2025/11/23 21:22:21 cursor: 5; firstVis: 6; vl_firstVis: 6
debug 2025/11/23 21:22:22 cursor: 5; firstVis: 6; vl_firstVis: 6
debug 2025/11/23 21:22:22 cursor: 5; firstVis: 6; vl_firstVis: 6
debug 2025/11/23 21:22:23 cursor: 5; firstVis: 6; vl_firstVis: 6
debug 2025/11/23 21:22:23 cursor: 5; firstVis: 6; vl_firstVis: 6
debug 2025/11/23 21:22:24 cursor: 5; firstVis: 6; vl_firstVis: 6
debug 2025/11/23 21:22:28 cursor: 4; firstVis: 1; vl_firstVis: 1
debug 2025/11/23 21:22:28 cursor: 4; firstVis: 1; vl_firstVis: 1
debug 2025/11/23 21:22:29 cursor: 4; firstVis: 1; vl_firstVis: 1
debug 2025/11/23 21:22:29 cursor: 4; firstVis: 1; vl_firstVis: 1
debug 2025/11/23 21:22:29 cursor: 4; firstVis: 1; vl_firstVis: 1
debug 2025/11/23 21:22:30 cursor: 4; firstVis: 0; vl_firstVis: 0
debug 2025/11/23 21:22:30 cursor: 4; firstVis: 1; vl_firstVis: 1
debug 2025/11/23 21:22:31 cursor: 4; firstVis: 2; vl_firstVis: 2
debug 2025/11/23 21:22:36 cursor: 3; firstVis: 0; vl_firstVis: 0
debug 2025/11/23 21:22:36 cursor: 3; firstVis: 0; vl_firstVis: 0
debug 2025/11/23 21:22:36 cursor: 3; firstVis: 0; vl_firstVis: 0
debug 2025/11/23 21:22:37 cursor: 3; firstVis: 0; vl_firstVis: 0
debug 2025/11/23 21:22:44 cursor: 15; firstVis: 6; vl_firstVis: 6
debug 2025/11/23 21:22:44 cursor: 15; firstVis: 6; vl_firstVis: 6
debug 2025/11/23 21:22:44 cursor: 15; firstVis: 7; vl_firstVis: 7
debug 2025/11/23 21:22:44 cursor: 15; firstVis: 8; vl_firstVis: 8
debug 2025/11/23 21:22:45 cursor: 15; firstVis: 10; vl_firstVis: 10
debug 2025/11/23 21:23:00 cursor: 6; firstVis: 5; vl_firstVis: 5
debug 2025/11/23 21:23:00 cursor: 6; firstVis: 4; vl_firstVis: 4
debug 2025/11/23 21:23:08 cursor: 7; firstVis: 4; vl_firstVis: 4
debug 2025/11/23 21:23:10 cursor: 7; firstVis: 5; vl_firstVis: 5
debug 2025/11/23 21:23:13 cursor: 6; firstVis: 3; vl_firstVis: 3
debug 2025/11/23 21:23:15 cursor: 6; firstVis: 4; vl_firstVis: 4
debug 2025/11/23 21:23:20 cursor: 8; firstVis: 10; vl_firstVis: 10
debug 2025/11/23 21:23:20 cursor: 8; firstVis: 10; vl_firstVis: 10
debug 2025/11/23 21:23:21 cursor: 8; firstVis: 10; vl_firstVis: 10
debug 2025/11/23 21:23:21 cursor: 8; firstVis: 10; vl_firstVis: 10
debug 2025/11/23 21:23:21 cursor: 8; firstVis: 10; vl_firstVis: 10
debug 2025/11/23 21:23:21 cursor: 8; firstVis: 10; vl_firstVis: 10
debug 2025/11/23 21:23:21 cursor: 8; firstVis: 10; vl_firstVis: 10
debug 2025/11/23 21:23:22 cursor: 8; firstVis: 10; vl_firstVis: 10
debug 2025/11/23 21:23:22 cursor: 8; firstVis: 10; vl_firstVis: 10
debug 2025/11/23 21:23:22 cursor: 8; firstVis: 10; vl_firstVis: 10
debug 2025/11/23 21:23:26 cursor: 8; firstVis: 6; vl_firstVis: 6
debug 2025/11/23 21:23:26 cursor: 8; firstVis: 6; vl_firstVis: 6
debug 2025/11/23 21:23:27 cursor: 8; firstVis: 7; vl_firstVis: 7
debug 2025/11/23 21:23:34 cursor: 10; firstVis: 13; vl_firstVis: 13
debug 2025/11/23 21:23:35 cursor: 10; firstVis: 13; vl_firstVis: 13
debug 2025/11/23 21:23:35 cursor: 10; firstVis: 13; vl_firstVis: 13
debug 2025/11/23 21:23:40 cursor: 14; firstVis: 6; vl_firstVis: 6
debug 2025/11/23 21:23:40 cursor: 14; firstVis: 6; vl_firstVis: 6
debug 2025/11/23 21:23:41 cursor: 14; firstVis: 6; vl_firstVis: 6
debug 2025/11/23 21:23:41 cursor: 14; firstVis: 5; vl_firstVis: 5
debug 2025/11/23 21:23:41 cursor: 14; firstVis: 6; vl_firstVis: 6
debug 2025/11/23 21:23:42 cursor: 14; firstVis: 7; vl_firstVis: 7
debug 2025/11/23 21:23:42 cursor: 14; firstVis: 9; vl_firstVis: 9
debug 2025/11/23 21:23:42 cursor: 14; firstVis: 10; vl_firstVis: 10
debug 2025/11/23 21:23:43 cursor: 14; firstVis: 11; vl_firstVis: 11
debug 2025/11/23 21:23:43 cursor: 14; firstVis: 12; vl_firstVis: 12
debug 2025/11/23 21:23:44 cursor: 14; firstVis: 14; vl_firstVis: 14
debug 2025/11/23 21:23:44 cursor: 14; firstVis: 12; vl_firstVis: 12
debug 2025/11/23 21:23:44 cursor: 14; firstVis: 10; vl_firstVis: 10
debug 2025/11/23 21:23:45 cursor: 14; firstVis: 8; vl_firstVis: 8
debug 2025/11/23 21:23:45 cursor: 14; firstVis: 10; vl_firstVis: 10
debug 2025/11/23 21:24:58 cursor: 14; firstVis: 11; vl_firstVis: 11
debug 2025/11/23 21:24:59 cursor: 14; firstVis: 11; vl_firstVis: 11
debug 2025/11/23 21:24:59 cursor: 14; firstVis: 11; vl_firstVis: 11
debug 2025/11/23 21:25:06 cursor: 8; firstVis: 0; vl_firstVis: 0
debug 2025/11/23 21:25:06 cursor: 8; firstVis: 0; vl_firstVis: 0
debug 2025/11/23 21:25:06 cursor: 8; firstVis: -1; vl_firstVis: -1
debug 2025/11/23 21:25:06 cursor: 8; firstVis: 1; vl_firstVis: 1
debug 2025/11/23 21:25:07 cursor: 8; firstVis: 2; vl_firstVis: 2
debug 2025/11/23 21:25:07 cursor: 8; firstVis: 3; vl_firstVis: 3
debug 2025/11/23 21:25:07 cursor: 8; firstVis: 4; vl_firstVis: 4
debug 2025/11/23 21:25:08 cursor: 8; firstVis: 5; vl_firstVis: 5
debug 2025/11/23 21:25:15 cursor: 4; firstVis: 5; vl_firstVis: 5
debug 2025/11/23 21:25:16 cursor: 4; firstVis: 5; vl_firstVis: 5
debug 2025/11/23 21:25:16 cursor: 4; firstVis: 5; vl_firstVis: 5
debug 2025/11/23 21:25:18 cursor: 4; firstVis: 5; vl_firstVis: 5
debug 2025/11/23 21:25:19 cursor: 4; firstVis: 5; vl_firstVis: 5
debug 2025/11/23 21:25:19 cursor: 4; firstVis: 5; vl_firstVis: 5
debug 2025/11/23 21:25:19 cursor: 4; firstVis: 5; vl_firstVis: 5
debug 2025/11/23 21:25:19 cursor: 4; firstVis: 5; vl_firstVis: 5
debug 2025/11/23 21:25:25 cursor: 2; firstVis: 1; vl_firstVis: 1
debug 2025/11/23 21:25:26 cursor: 2; firstVis: 0; vl_firstVis: 0
debug 2025/11/23 21:25:28 cursor: 2; firstVis: -1; vl_firstVis: -1
debug 2025/11/23 21:25:38 cursor: 11; firstVis: 10; vl_firstVis: 10
debug 2025/11/23 21:25:38 cursor: 11; firstVis: 9; vl_firstVis: 9
debug 2025/11/23 21:26:11 cursor: 14; firstVis: 16; vl_firstVis: 16
debug 2025/11/23 21:26:19 cursor: 9; firstVis: 0; vl_firstVis: 0
debug 2025/11/23 21:26:19 cursor: 9; firstVis: -1; vl_firstVis: -1
debug 2025/11/23 21:26:20 cursor: 9; firstVis: 2; vl_firstVis: 2
debug 2025/11/23 21:26:20 cursor: 9; firstVis: 4; vl_firstVis: 4
debug 2025/11/23 21:26:20 cursor: 9; firstVis: 5; vl_firstVis: 5
debug 2025/11/23 21:26:33 cursor: 9; firstVis: 6; vl_firstVis: 6
debug 2025/11/23 21:27:00 cursor: 8; firstVis: 6; vl_firstVis: 6
debug 2025/11/23 21:27:00 cursor: 8; firstVis: 6; vl_firstVis: 6
debug 2025/11/23 21:27:06 cursor: 10; firstVis: 0; vl_firstVis: 0
debug 2025/11/23 21:27:07 cursor: 10; firstVis: 0; vl_firstVis: 0
debug 2025/11/23 21:27:07 cursor: 10; firstVis: -2; vl_firstVis: -2
debug 2025/11/23 21:27:07 cursor: 10; firstVis: 2; vl_firstVis: 2
debug 2025/11/23 21:27:08 cursor: 10; firstVis: 4; vl_firstVis: 4
debug 2025/11/23 21:27:08 cursor: 10; firstVis: 5; vl_firstVis: 5
debug 2025/11/23 21:27:19 cursor: 15; firstVis: 12; vl_firstVis: 12
debug 2025/11/23 21:27:28 cursor: 10; firstVis: 8; vl_firstVis: 8
debug 2025/11/23 21:27:33 cursor: 11; firstVis: 9; vl_firstVis: 9
debug 2025/11/23 21:27:34 cursor: 11; firstVis: 8; vl_firstVis: 8
debug 2025/11/23 21:27:39 cursor: 10; firstVis: 6; vl_firstVis: 6
debug 2025/11/23 21:27:44 cursor: 7; firstVis: 5; vl_firstVis: 5
debug 2025/11/23 21:27:51 cursor: 7; firstVis: 5; vl_firstVis: 5
